{"/Users/marten/Code/vscode-extensions/vscode-f5-speech/src/chunker.ts": {"path":"/Users/marten/Code/vscode-extensions/vscode-f5-speech/src/chunker.ts","statementMap":{"0":{"start":{"line":15,"column":18},"end":{"line":15,"column":null}},"1":{"start":{"line":16,"column":2},"end":{"line":18,"column":null}},"2":{"start":{"line":17,"column":4},"end":{"line":17,"column":null}},"3":{"start":{"line":21,"column":14},"end":{"line":21,"column":null}},"4":{"start":{"line":22,"column":27},"end":{"line":22,"column":null}},"5":{"start":{"line":23,"column":16},"end":{"line":23,"column":null}},"6":{"start":{"line":25,"column":2},"end":{"line":36,"column":null}},"7":{"start":{"line":26,"column":16},"end":{"line":26,"column":null}},"8":{"start":{"line":27,"column":4},"end":{"line":27,"column":null}},"9":{"start":{"line":27,"column":14},"end":{"line":27,"column":null}},"10":{"start":{"line":28,"column":18},"end":{"line":28,"column":null}},"11":{"start":{"line":30,"column":4},"end":{"line":35,"column":null}},"12":{"start":{"line":31,"column":6},"end":{"line":31,"column":null}},"13":{"start":{"line":32,"column":6},"end":{"line":32,"column":null}},"14":{"start":{"line":34,"column":6},"end":{"line":34,"column":null}},"15":{"start":{"line":37,"column":2},"end":{"line":39,"column":null}},"16":{"start":{"line":38,"column":4},"end":{"line":38,"column":null}},"17":{"start":{"line":41,"column":2},"end":{"line":41,"column":null}},"18":{"start":{"line":57,"column":19},"end":{"line":57,"column":null}},"19":{"start":{"line":58,"column":20},"end":{"line":58,"column":null}},"20":{"start":{"line":60,"column":31},"end":{"line":60,"column":52}},"21":{"start":{"line":64,"column":4},"end":{"line":64,"column":null}},"22":{"start":{"line":69,"column":4},"end":{"line":69,"column":null}},"23":{"start":{"line":80,"column":25},"end":{"line":82,"column":null}},"24":{"start":{"line":84,"column":32},"end":{"line":84,"column":null}},"25":{"start":{"line":85,"column":23},"end":{"line":85,"column":null}},"26":{"start":{"line":89,"column":44},"end":{"line":89,"column":null}},"27":{"start":{"line":90,"column":25},"end":{"line":93,"column":null}},"28":{"start":{"line":91,"column":6},"end":{"line":93,"column":null}},"29":{"start":{"line":92,"column":8},"end":{"line":92,"column":null}},"30":{"start":{"line":96,"column":44},"end":{"line":96,"column":null}},"31":{"start":{"line":97,"column":25},"end":{"line":100,"column":null}},"32":{"start":{"line":98,"column":6},"end":{"line":100,"column":null}},"33":{"start":{"line":99,"column":8},"end":{"line":99,"column":null}},"34":{"start":{"line":102,"column":27},"end":{"line":102,"column":null}},"35":{"start":{"line":102,"column":46},"end":{"line":102,"column":60}},"36":{"start":{"line":102,"column":60},"end":{"line":102,"column":81}},"37":{"start":{"line":102,"column":81},"end":{"line":102,"column":89}},"38":{"start":{"line":103,"column":27},"end":{"line":103,"column":null}},"39":{"start":{"line":103,"column":46},"end":{"line":103,"column":60}},"40":{"start":{"line":103,"column":60},"end":{"line":103,"column":81}},"41":{"start":{"line":103,"column":81},"end":{"line":103,"column":89}},"42":{"start":{"line":106,"column":20},"end":{"line":153,"column":null}},"43":{"start":{"line":107,"column":24},"end":{"line":107,"column":null}},"44":{"start":{"line":109,"column":6},"end":{"line":152,"column":null}},"45":{"start":{"line":110,"column":8},"end":{"line":146,"column":null}},"46":{"start":{"line":111,"column":16},"end":{"line":111,"column":null}},"47":{"start":{"line":112,"column":25},"end":{"line":112,"column":null}},"48":{"start":{"line":115,"column":24},"end":{"line":117,"column":null}},"49":{"start":{"line":119,"column":10},"end":{"line":138,"column":null}},"50":{"start":{"line":120,"column":12},"end":{"line":120,"column":null}},"51":{"start":{"line":120,"column":32},"end":{"line":120,"column":null}},"52":{"start":{"line":122,"column":12},"end":{"line":136,"column":null}},"53":{"start":{"line":126,"column":14},"end":{"line":126,"column":null}},"54":{"start":{"line":126,"column":34},"end":{"line":126,"column":null}},"55":{"start":{"line":129,"column":14},"end":{"line":131,"column":null}},"56":{"start":{"line":130,"column":16},"end":{"line":130,"column":null}},"57":{"start":{"line":132,"column":14},"end":{"line":132,"column":null}},"58":{"start":{"line":132,"column":34},"end":{"line":132,"column":null}},"59":{"start":{"line":134,"column":14},"end":{"line":134,"column":null}},"60":{"start":{"line":135,"column":14},"end":{"line":135,"column":null}},"61":{"start":{"line":137,"column":12},"end":{"line":137,"column":null}},"62":{"start":{"line":140,"column":10},"end":{"line":142,"column":null}},"63":{"start":{"line":141,"column":12},"end":{"line":141,"column":null}},"64":{"start":{"line":145,"column":10},"end":{"line":145,"column":null}},"65":{"start":{"line":145,"column":35},"end":{"line":145,"column":52}},"66":{"start":{"line":148,"column":8},"end":{"line":148,"column":null}},"67":{"start":{"line":150,"column":8},"end":{"line":150,"column":null}},"68":{"start":{"line":151,"column":8},"end":{"line":151,"column":null}},"69":{"start":{"line":156,"column":28},"end":{"line":156,"column":null}},"70":{"start":{"line":159,"column":4},"end":{"line":174,"column":null}},"71":{"start":{"line":160,"column":6},"end":{"line":170,"column":null}},"72":{"start":{"line":161,"column":8},"end":{"line":169,"column":null}},"73":{"start":{"line":162,"column":10},"end":{"line":162,"column":null}},"74":{"start":{"line":163,"column":10},"end":{"line":163,"column":null}},"75":{"start":{"line":164,"column":8},"end":{"line":169,"column":null}},"76":{"start":{"line":165,"column":10},"end":{"line":165,"column":null}},"77":{"start":{"line":165,"column":29},"end":{"line":165,"column":null}},"78":{"start":{"line":166,"column":10},"end":{"line":166,"column":null}},"79":{"start":{"line":168,"column":10},"end":{"line":168,"column":null}},"80":{"start":{"line":173,"column":6},"end":{"line":173,"column":null}}},"fnMap":{"0":{"name":"chunkText","decl":{"start":{"line":10,"column":16},"end":{"line":10,"column":null}},"loc":{"start":{"line":14,"column":12},"end":{"line":42,"column":null}},"line":14},"1":{"name":"(anonymous_1)","decl":{"start":{"line":60,"column":2},"end":{"line":60,"column":31}},"loc":{"start":{"line":60,"column":52},"end":{"line":60,"column":null}},"line":60},"2":{"name":"(anonymous_2)","decl":{"start":{"line":63,"column":2},"end":{"line":63,"column":7}},"loc":{"start":{"line":63,"column":27},"end":{"line":65,"column":null}},"line":63},"3":{"name":"(anonymous_3)","decl":{"start":{"line":68,"column":2},"end":{"line":68,"column":16}},"loc":{"start":{"line":68,"column":16},"end":{"line":70,"column":null}},"line":68},"4":{"name":"(anonymous_4)","decl":{"start":{"line":79,"column":9},"end":{"line":79,"column":16}},"loc":{"start":{"line":79,"column":64},"end":{"line":175,"column":null}},"line":79},"5":{"name":"(anonymous_5)","decl":{"start":{"line":90,"column":25},"end":{"line":90,"column":null}},"loc":{"start":{"line":91,"column":6},"end":{"line":93,"column":null}},"line":91},"6":{"name":"(anonymous_6)","decl":{"start":{"line":91,"column":24},"end":{"line":91,"column":25}},"loc":{"start":{"line":91,"column":37},"end":{"line":93,"column":7}},"line":91},"7":{"name":"(anonymous_7)","decl":{"start":{"line":97,"column":25},"end":{"line":97,"column":null}},"loc":{"start":{"line":98,"column":6},"end":{"line":100,"column":null}},"line":98},"8":{"name":"(anonymous_8)","decl":{"start":{"line":98,"column":24},"end":{"line":98,"column":25}},"loc":{"start":{"line":98,"column":37},"end":{"line":100,"column":7}},"line":98},"9":{"name":"(anonymous_9)","decl":{"start":{"line":102,"column":27},"end":{"line":102,"column":33}},"loc":{"start":{"line":102,"column":33},"end":{"line":102,"column":null}},"line":102},"10":{"name":"(anonymous_10)","decl":{"start":{"line":103,"column":27},"end":{"line":103,"column":33}},"loc":{"start":{"line":103,"column":33},"end":{"line":103,"column":null}},"line":103},"11":{"name":"(anonymous_11)","decl":{"start":{"line":106,"column":20},"end":{"line":106,"column":32}},"loc":{"start":{"line":106,"column":32},"end":{"line":153,"column":null}},"line":106},"12":{"name":"(anonymous_12)","decl":{"start":{"line":145,"column":28},"end":{"line":145,"column":29}},"loc":{"start":{"line":145,"column":35},"end":{"line":145,"column":52}},"line":145},"13":{"name":"(anonymous_13)","decl":{"start":{"line":173,"column":34},"end":{"line":173,"column":40}},"loc":{"start":{"line":173,"column":40},"end":{"line":173,"column":42}},"line":173}},"branchMap":{"0":{"loc":{"start":{"line":12,"column":2},"end":{"line":12,"column":null}},"type":"default-arg","locations":[{"start":{"line":12,"column":13},"end":{"line":12,"column":null}}],"line":12},"1":{"loc":{"start":{"line":13,"column":2},"end":{"line":13,"column":null}},"type":"default-arg","locations":[{"start":{"line":13,"column":18},"end":{"line":13,"column":null}}],"line":13},"2":{"loc":{"start":{"line":16,"column":2},"end":{"line":18,"column":null}},"type":"if","locations":[{"start":{"line":16,"column":2},"end":{"line":18,"column":null}},{"start":{},"end":{}}],"line":16},"3":{"loc":{"start":{"line":27,"column":4},"end":{"line":27,"column":null}},"type":"if","locations":[{"start":{"line":27,"column":4},"end":{"line":27,"column":null}},{"start":{},"end":{}}],"line":27},"4":{"loc":{"start":{"line":28,"column":18},"end":{"line":28,"column":null}},"type":"cond-expr","locations":[{"start":{"line":28,"column":40},"end":{"line":28,"column":56}},{"start":{"line":28,"column":56},"end":{"line":28,"column":null}}],"line":28},"5":{"loc":{"start":{"line":30,"column":4},"end":{"line":35,"column":null}},"type":"if","locations":[{"start":{"line":30,"column":4},"end":{"line":35,"column":null}},{"start":{"line":33,"column":11},"end":{"line":35,"column":null}}],"line":30},"6":{"loc":{"start":{"line":30,"column":8},"end":{"line":30,"column":57}},"type":"binary-expr","locations":[{"start":{"line":30,"column":8},"end":{"line":30,"column":20}},{"start":{"line":30,"column":8},"end":{"line":30,"column":57}}],"line":30},"7":{"loc":{"start":{"line":34,"column":16},"end":{"line":34,"column":null}},"type":"cond-expr","locations":[{"start":{"line":34,"column":26},"end":{"line":34,"column":48}},{"start":{"line":34,"column":48},"end":{"line":34,"column":null}}],"line":34},"8":{"loc":{"start":{"line":37,"column":2},"end":{"line":39,"column":null}},"type":"if","locations":[{"start":{"line":37,"column":2},"end":{"line":39,"column":null}},{"start":{},"end":{}}],"line":37},"9":{"loc":{"start":{"line":115,"column":24},"end":{"line":117,"column":null}},"type":"cond-expr","locations":[{"start":{"line":116,"column":14},"end":{"line":116,"column":null}},{"start":{"line":117,"column":14},"end":{"line":117,"column":null}}],"line":115},"10":{"loc":{"start":{"line":120,"column":12},"end":{"line":120,"column":null}},"type":"if","locations":[{"start":{"line":120,"column":12},"end":{"line":120,"column":null}},{"start":{},"end":{}}],"line":120},"11":{"loc":{"start":{"line":126,"column":14},"end":{"line":126,"column":null}},"type":"if","locations":[{"start":{"line":126,"column":14},"end":{"line":126,"column":null}},{"start":{},"end":{}}],"line":126},"12":{"loc":{"start":{"line":129,"column":21},"end":{"line":129,"column":70}},"type":"binary-expr","locations":[{"start":{"line":129,"column":21},"end":{"line":129,"column":53}},{"start":{"line":129,"column":53},"end":{"line":129,"column":70}}],"line":129},"13":{"loc":{"start":{"line":132,"column":14},"end":{"line":132,"column":null}},"type":"if","locations":[{"start":{"line":132,"column":14},"end":{"line":132,"column":null}},{"start":{},"end":{}}],"line":132},"14":{"loc":{"start":{"line":140,"column":10},"end":{"line":142,"column":null}},"type":"if","locations":[{"start":{"line":140,"column":10},"end":{"line":142,"column":null}},{"start":{},"end":{}}],"line":140},"15":{"loc":{"start":{"line":140,"column":14},"end":{"line":140,"column":60}},"type":"binary-expr","locations":[{"start":{"line":140,"column":14},"end":{"line":140,"column":30}},{"start":{"line":140,"column":30},"end":{"line":140,"column":60}}],"line":140},"16":{"loc":{"start":{"line":148,"column":24},"end":{"line":148,"column":null}},"type":"cond-expr","locations":[{"start":{"line":148,"column":47},"end":{"line":148,"column":53}},{"start":{"line":148,"column":53},"end":{"line":148,"column":null}}],"line":148},"17":{"loc":{"start":{"line":161,"column":8},"end":{"line":169,"column":null}},"type":"if","locations":[{"start":{"line":161,"column":8},"end":{"line":169,"column":null}},{"start":{"line":164,"column":8},"end":{"line":169,"column":null}}],"line":161},"18":{"loc":{"start":{"line":164,"column":8},"end":{"line":169,"column":null}},"type":"if","locations":[{"start":{"line":164,"column":8},"end":{"line":169,"column":null}},{"start":{"line":167,"column":15},"end":{"line":169,"column":null}}],"line":164},"19":{"loc":{"start":{"line":165,"column":10},"end":{"line":165,"column":null}},"type":"if","locations":[{"start":{"line":165,"column":10},"end":{"line":165,"column":null}},{"start":{},"end":{}}],"line":165}},"s":{"0":18,"1":18,"2":3,"3":15,"4":15,"5":15,"6":15,"7":46,"8":46,"9":0,"10":46,"11":46,"12":6,"13":6,"14":40,"15":15,"16":15,"17":15,"18":6,"19":6,"20":6,"21":8,"22":6,"23":6,"24":6,"25":6,"26":6,"27":6,"28":5,"29":5,"30":6,"31":6,"32":0,"33":0,"34":6,"35":9,"36":9,"37":9,"38":6,"39":3,"40":3,"41":3,"42":6,"43":6,"44":6,"45":6,"46":6,"47":6,"48":6,"49":6,"50":5,"51":0,"52":5,"53":4,"54":1,"55":3,"56":0,"57":3,"58":0,"59":3,"60":3,"61":3,"62":4,"63":4,"64":0,"65":0,"66":1,"67":6,"68":6,"69":6,"70":6,"71":6,"72":13,"73":3,"74":3,"75":10,"76":5,"77":1,"78":4,"79":5,"80":6},"f":{"0":18,"1":6,"2":8,"3":6,"4":6,"5":5,"6":5,"7":0,"8":0,"9":9,"10":3,"11":6,"12":0,"13":0},"b":{"0":[18],"1":[18],"2":[3,15],"3":[0,46],"4":[35,11],"5":[6,40],"6":[46,31],"7":[25,15],"8":[15,0],"9":[6,0],"10":[0,5],"11":[1,3],"12":[3,0],"13":[0,3],"14":[4,0],"15":[4,4],"16":[1,0],"17":[3,10],"18":[5,5],"19":[1,4]},"meta":{"lastBranch":20,"lastFunction":14,"lastStatement":81,"seen":{"f:10:16:10:Infinity":0,"b:12:13:12:Infinity":0,"b:13:18:13:Infinity":1,"s:15:18:15:Infinity":0,"b:16:2:18:Infinity:undefined:undefined:undefined:undefined":2,"s:16:2:18:Infinity":1,"s:17:4:17:Infinity":2,"s:21:14:21:Infinity":3,"s:22:27:22:Infinity":4,"s:23:16:23:Infinity":5,"s:25:2:36:Infinity":6,"s:26:16:26:Infinity":7,"b:27:4:27:Infinity:undefined:undefined:undefined:undefined":3,"s:27:4:27:Infinity":8,"s:27:14:27:Infinity":9,"s:28:18:28:Infinity":10,"b:28:40:28:56:28:56:28:Infinity":4,"b:30:4:35:Infinity:33:11:35:Infinity":5,"s:30:4:35:Infinity":11,"b:30:8:30:20:30:8:30:57":6,"s:31:6:31:Infinity":12,"s:32:6:32:Infinity":13,"s:34:6:34:Infinity":14,"b:34:26:34:48:34:48:34:Infinity":7,"b:37:2:39:Infinity:undefined:undefined:undefined:undefined":8,"s:37:2:39:Infinity":15,"s:38:4:38:Infinity":16,"s:41:2:41:Infinity":17,"s:57:19:57:Infinity":18,"s:58:20:58:Infinity":19,"f:60:2:60:31":1,"s:60:31:60:52":20,"f:63:2:63:7":2,"s:64:4:64:Infinity":21,"f:68:2:68:16":3,"s:69:4:69:Infinity":22,"f:79:9:79:16":4,"s:80:25:82:Infinity":23,"s:84:32:84:Infinity":24,"s:85:23:85:Infinity":25,"s:89:44:89:Infinity":26,"s:90:25:93:Infinity":27,"f:90:25:90:Infinity":5,"s:91:6:93:Infinity":28,"f:91:24:91:25":6,"s:92:8:92:Infinity":29,"s:96:44:96:Infinity":30,"s:97:25:100:Infinity":31,"f:97:25:97:Infinity":7,"s:98:6:100:Infinity":32,"f:98:24:98:25":8,"s:99:8:99:Infinity":33,"s:102:27:102:Infinity":34,"f:102:27:102:33":9,"s:102:46:102:60":35,"s:102:60:102:81":36,"s:102:81:102:89":37,"s:103:27:103:Infinity":38,"f:103:27:103:33":10,"s:103:46:103:60":39,"s:103:60:103:81":40,"s:103:81:103:89":41,"s:106:20:153:Infinity":42,"f:106:20:106:32":11,"s:107:24:107:Infinity":43,"s:109:6:152:Infinity":44,"s:110:8:146:Infinity":45,"s:111:16:111:Infinity":46,"s:112:25:112:Infinity":47,"s:115:24:117:Infinity":48,"b:116:14:116:Infinity:117:14:117:Infinity":9,"s:119:10:138:Infinity":49,"b:120:12:120:Infinity:undefined:undefined:undefined:undefined":10,"s:120:12:120:Infinity":50,"s:120:32:120:Infinity":51,"s:122:12:136:Infinity":52,"b:126:14:126:Infinity:undefined:undefined:undefined:undefined":11,"s:126:14:126:Infinity":53,"s:126:34:126:Infinity":54,"s:129:14:131:Infinity":55,"b:129:21:129:53:129:53:129:70":12,"s:130:16:130:Infinity":56,"b:132:14:132:Infinity:undefined:undefined:undefined:undefined":13,"s:132:14:132:Infinity":57,"s:132:34:132:Infinity":58,"s:134:14:134:Infinity":59,"s:135:14:135:Infinity":60,"s:137:12:137:Infinity":61,"b:140:10:142:Infinity:undefined:undefined:undefined:undefined":14,"s:140:10:142:Infinity":62,"b:140:14:140:30:140:30:140:60":15,"s:141:12:141:Infinity":63,"s:145:10:145:Infinity":64,"f:145:28:145:29":12,"s:145:35:145:52":65,"s:148:8:148:Infinity":66,"b:148:47:148:53:148:53:148:Infinity":16,"s:150:8:150:Infinity":67,"s:151:8:151:Infinity":68,"s:156:28:156:Infinity":69,"s:159:4:174:Infinity":70,"s:160:6:170:Infinity":71,"b:161:8:169:Infinity:164:8:169:Infinity":17,"s:161:8:169:Infinity":72,"s:162:10:162:Infinity":73,"s:163:10:163:Infinity":74,"b:164:8:169:Infinity:167:15:169:Infinity":18,"s:164:8:169:Infinity":75,"b:165:10:165:Infinity:undefined:undefined:undefined:undefined":19,"s:165:10:165:Infinity":76,"s:165:29:165:Infinity":77,"s:166:10:166:Infinity":78,"s:168:10:168:Infinity":79,"s:173:6:173:Infinity":80,"f:173:34:173:40":13}}}
,"/Users/marten/Code/vscode-extensions/vscode-f5-speech/src/extension.ts": {"path":"/Users/marten/Code/vscode-extensions/vscode-f5-speech/src/extension.ts","statementMap":{"0":{"start":{"line":16,"column":2},"end":{"line":105,"column":null}},"1":{"start":{"line":17,"column":4},"end":{"line":17,"column":null}},"2":{"start":{"line":18,"column":4},"end":{"line":18,"column":null}},"3":{"start":{"line":19,"column":4},"end":{"line":19,"column":null}},"4":{"start":{"line":22,"column":2},"end":{"line":25,"column":null}},"5":{"start":{"line":26,"column":2},"end":{"line":26,"column":null}},"6":{"start":{"line":27,"column":2},"end":{"line":27,"column":null}},"7":{"start":{"line":30,"column":2},"end":{"line":33,"column":null}},"8":{"start":{"line":34,"column":2},"end":{"line":34,"column":null}},"9":{"start":{"line":35,"column":2},"end":{"line":35,"column":null}},"10":{"start":{"line":38,"column":2},"end":{"line":38,"column":null}},"11":{"start":{"line":39,"column":2},"end":{"line":49,"column":null}},"12":{"start":{"line":41,"column":6},"end":{"line":47,"column":null}},"13":{"start":{"line":42,"column":8},"end":{"line":42,"column":null}},"14":{"start":{"line":43,"column":8},"end":{"line":43,"column":null}},"15":{"start":{"line":45,"column":8},"end":{"line":45,"column":null}},"16":{"start":{"line":46,"column":8},"end":{"line":46,"column":null}},"17":{"start":{"line":50,"column":2},"end":{"line":54,"column":null}},"18":{"start":{"line":52,"column":6},"end":{"line":52,"column":null}},"19":{"start":{"line":57,"column":2},"end":{"line":75,"column":null}},"20":{"start":{"line":59,"column":6},"end":{"line":59,"column":null}},"21":{"start":{"line":62,"column":6},"end":{"line":62,"column":null}},"22":{"start":{"line":65,"column":6},"end":{"line":65,"column":null}},"23":{"start":{"line":67,"column":62},"end":{"line":67,"column":74}},"24":{"start":{"line":68,"column":60},"end":{"line":68,"column":73}},"25":{"start":{"line":70,"column":6},"end":{"line":70,"column":null}},"26":{"start":{"line":73,"column":6},"end":{"line":73,"column":null}},"27":{"start":{"line":78,"column":17},"end":{"line":78,"column":null}},"28":{"start":{"line":79,"column":20},"end":{"line":79,"column":null}},"29":{"start":{"line":80,"column":18},"end":{"line":80,"column":null}},"30":{"start":{"line":82,"column":2},"end":{"line":98,"column":null}},"31":{"start":{"line":84,"column":4},"end":{"line":84,"column":null}},"32":{"start":{"line":85,"column":4},"end":{"line":85,"column":null}},"33":{"start":{"line":86,"column":4},"end":{"line":86,"column":null}},"34":{"start":{"line":88,"column":4},"end":{"line":88,"column":null}},"35":{"start":{"line":89,"column":4},"end":{"line":93,"column":null}},"36":{"start":{"line":94,"column":2},"end":{"line":98,"column":null}},"37":{"start":{"line":95,"column":4},"end":{"line":95,"column":null}},"38":{"start":{"line":97,"column":4},"end":{"line":97,"column":null}},"39":{"start":{"line":100,"column":16},"end":{"line":100,"column":null}},"40":{"start":{"line":101,"column":21},"end":{"line":101,"column":null}},"41":{"start":{"line":102,"column":4},"end":{"line":102,"column":null}},"42":{"start":{"line":103,"column":4},"end":{"line":103,"column":null}},"43":{"start":{"line":104,"column":4},"end":{"line":104,"column":null}},"44":{"start":{"line":110,"column":18},"end":{"line":110,"column":null}},"45":{"start":{"line":111,"column":2},"end":{"line":111,"column":null}},"46":{"start":{"line":111,"column":16},"end":{"line":111,"column":null}},"47":{"start":{"line":113,"column":2},"end":{"line":113,"column":null}},"48":{"start":{"line":118,"column":17},"end":{"line":118,"column":null}},"49":{"start":{"line":119,"column":20},"end":{"line":119,"column":null}},"50":{"start":{"line":121,"column":2},"end":{"line":124,"column":null}},"51":{"start":{"line":122,"column":4},"end":{"line":122,"column":null}},"52":{"start":{"line":123,"column":4},"end":{"line":123,"column":null}},"53":{"start":{"line":126,"column":18},"end":{"line":126,"column":null}},"54":{"start":{"line":127,"column":2},"end":{"line":127,"column":null}},"55":{"start":{"line":127,"column":16},"end":{"line":127,"column":null}},"56":{"start":{"line":129,"column":2},"end":{"line":129,"column":null}},"57":{"start":{"line":130,"column":2},"end":{"line":130,"column":null}},"58":{"start":{"line":135,"column":2},"end":{"line":135,"column":null}},"59":{"start":{"line":137,"column":2},"end":{"line":137,"column":null}},"60":{"start":{"line":138,"column":2},"end":{"line":138,"column":null}},"61":{"start":{"line":140,"column":2},"end":{"line":140,"column":null}},"62":{"start":{"line":142,"column":2},"end":{"line":144,"column":null}},"63":{"start":{"line":146,"column":2},"end":{"line":146,"column":null}},"64":{"start":{"line":147,"column":2},"end":{"line":147,"column":null}},"65":{"start":{"line":152,"column":17},"end":{"line":152,"column":null}},"66":{"start":{"line":153,"column":18},"end":{"line":153,"column":null}},"67":{"start":{"line":155,"column":2},"end":{"line":159,"column":null}},"68":{"start":{"line":156,"column":4},"end":{"line":156,"column":null}},"69":{"start":{"line":158,"column":4},"end":{"line":158,"column":null}},"70":{"start":{"line":164,"column":2},"end":{"line":164,"column":null}},"71":{"start":{"line":164,"column":17},"end":{"line":164,"column":null}},"72":{"start":{"line":165,"column":2},"end":{"line":165,"column":null}},"73":{"start":{"line":173,"column":2},"end":{"line":173,"column":null}},"74":{"start":{"line":175,"column":2},"end":{"line":198,"column":null}},"75":{"start":{"line":176,"column":4},"end":{"line":176,"column":null}},"76":{"start":{"line":177,"column":4},"end":{"line":177,"column":null}},"77":{"start":{"line":178,"column":4},"end":{"line":188,"column":null}},"78":{"start":{"line":185,"column":8},"end":{"line":185,"column":null}},"79":{"start":{"line":186,"column":8},"end":{"line":186,"column":null}},"80":{"start":{"line":189,"column":4},"end":{"line":189,"column":null}},"81":{"start":{"line":191,"column":16},"end":{"line":191,"column":null}},"82":{"start":{"line":192,"column":4},"end":{"line":192,"column":null}},"83":{"start":{"line":193,"column":4},"end":{"line":195,"column":null}},"84":{"start":{"line":196,"column":4},"end":{"line":196,"column":null}},"85":{"start":{"line":197,"column":4},"end":{"line":197,"column":null}},"86":{"start":{"line":200,"column":2},"end":{"line":200,"column":null}},"87":{"start":{"line":203,"column":2},"end":{"line":203,"column":null}},"88":{"start":{"line":204,"column":2},"end":{"line":207,"column":null}},"89":{"start":{"line":208,"column":2},"end":{"line":208,"column":null}},"90":{"start":{"line":210,"column":2},"end":{"line":210,"column":null}},"91":{"start":{"line":212,"column":16},"end":{"line":216,"column":null}},"92":{"start":{"line":217,"column":2},"end":{"line":219,"column":null}},"93":{"start":{"line":218,"column":4},"end":{"line":218,"column":null}},"94":{"start":{"line":224,"column":18},"end":{"line":224,"column":null}},"95":{"start":{"line":225,"column":2},"end":{"line":230,"column":null}},"96":{"start":{"line":226,"column":4},"end":{"line":228,"column":null}},"97":{"start":{"line":229,"column":4},"end":{"line":229,"column":null}},"98":{"start":{"line":232,"column":17},"end":{"line":232,"column":null}},"99":{"start":{"line":233,"column":2},"end":{"line":236,"column":null}},"100":{"start":{"line":234,"column":4},"end":{"line":234,"column":null}},"101":{"start":{"line":235,"column":4},"end":{"line":235,"column":null}},"102":{"start":{"line":238,"column":20},"end":{"line":238,"column":null}},"103":{"start":{"line":239,"column":15},"end":{"line":241,"column":null}},"104":{"start":{"line":243,"column":2},"end":{"line":246,"column":null}},"105":{"start":{"line":244,"column":4},"end":{"line":244,"column":null}},"106":{"start":{"line":245,"column":4},"end":{"line":245,"column":null}},"107":{"start":{"line":248,"column":17},"end":{"line":248,"column":null}},"108":{"start":{"line":249,"column":16},"end":{"line":249,"column":null}},"109":{"start":{"line":251,"column":2},"end":{"line":259,"column":null}},"110":{"start":{"line":252,"column":10},"end":{"line":252,"column":null}},"111":{"start":{"line":253,"column":4},"end":{"line":255,"column":null}},"112":{"start":{"line":254,"column":6},"end":{"line":254,"column":null}},"113":{"start":{"line":257,"column":16},"end":{"line":257,"column":null}},"114":{"start":{"line":258,"column":4},"end":{"line":258,"column":null}},"115":{"start":{"line":264,"column":17},"end":{"line":264,"column":null}},"116":{"start":{"line":265,"column":16},"end":{"line":265,"column":null}},"117":{"start":{"line":266,"column":19},"end":{"line":266,"column":null}},"118":{"start":{"line":268,"column":2},"end":{"line":279,"column":null}},"119":{"start":{"line":269,"column":4},"end":{"line":269,"column":null}},"120":{"start":{"line":270,"column":4},"end":{"line":272,"column":null}},"121":{"start":{"line":271,"column":6},"end":{"line":271,"column":null}},"122":{"start":{"line":274,"column":16},"end":{"line":274,"column":null}},"123":{"start":{"line":275,"column":4},"end":{"line":275,"column":null}},"124":{"start":{"line":276,"column":4},"end":{"line":276,"column":null}},"125":{"start":{"line":278,"column":4},"end":{"line":278,"column":null}},"126":{"start":{"line":284,"column":17},"end":{"line":284,"column":null}},"127":{"start":{"line":285,"column":20},"end":{"line":285,"column":null}},"128":{"start":{"line":286,"column":2},"end":{"line":291,"column":null}},"129":{"start":{"line":287,"column":4},"end":{"line":289,"column":null}},"130":{"start":{"line":290,"column":4},"end":{"line":290,"column":null}},"131":{"start":{"line":293,"column":16},"end":{"line":293,"column":null}},"132":{"start":{"line":294,"column":2},"end":{"line":294,"column":null}},"133":{"start":{"line":294,"column":14},"end":{"line":294,"column":null}},"134":{"start":{"line":296,"column":2},"end":{"line":296,"column":null}},"135":{"start":{"line":299,"column":18},"end":{"line":299,"column":null}},"136":{"start":{"line":300,"column":2},"end":{"line":300,"column":null}},"137":{"start":{"line":300,"column":16},"end":{"line":300,"column":null}},"138":{"start":{"line":302,"column":2},"end":{"line":302,"column":null}},"139":{"start":{"line":306,"column":2},"end":{"line":320,"column":null}},"140":{"start":{"line":307,"column":4},"end":{"line":307,"column":null}},"141":{"start":{"line":308,"column":4},"end":{"line":308,"column":null}},"142":{"start":{"line":309,"column":4},"end":{"line":309,"column":null}},"143":{"start":{"line":310,"column":2},"end":{"line":320,"column":null}},"144":{"start":{"line":311,"column":4},"end":{"line":311,"column":null}},"145":{"start":{"line":312,"column":4},"end":{"line":312,"column":null}},"146":{"start":{"line":313,"column":4},"end":{"line":313,"column":null}},"147":{"start":{"line":314,"column":4},"end":{"line":314,"column":null}},"148":{"start":{"line":315,"column":4},"end":{"line":315,"column":null}},"149":{"start":{"line":317,"column":4},"end":{"line":317,"column":null}},"150":{"start":{"line":318,"column":4},"end":{"line":318,"column":null}},"151":{"start":{"line":319,"column":4},"end":{"line":319,"column":null}},"152":{"start":{"line":321,"column":2},"end":{"line":321,"column":null}},"153":{"start":{"line":325,"column":2},"end":{"line":325,"column":null}},"154":{"start":{"line":326,"column":2},"end":{"line":326,"column":null}}},"fnMap":{"0":{"name":"activate","decl":{"start":{"line":15,"column":22},"end":{"line":15,"column":31}},"loc":{"start":{"line":15,"column":65},"end":{"line":106,"column":null}},"line":15},"1":{"name":"(anonymous_1)","decl":{"start":{"line":40,"column":35},"end":{"line":40,"column":36}},"loc":{"start":{"line":40,"column":47},"end":{"line":48,"column":5}},"line":40},"2":{"name":"(anonymous_2)","decl":{"start":{"line":51,"column":29},"end":{"line":51,"column":35}},"loc":{"start":{"line":51,"column":35},"end":{"line":53,"column":5}},"line":51},"3":{"name":"(anonymous_3)","decl":{"start":{"line":58,"column":54},"end":{"line":58,"column":null}},"loc":{"start":{"line":59,"column":6},"end":{"line":59,"column":null}},"line":59},"4":{"name":"(anonymous_4)","decl":{"start":{"line":61,"column":55},"end":{"line":61,"column":null}},"loc":{"start":{"line":62,"column":6},"end":{"line":62,"column":null}},"line":62},"5":{"name":"(anonymous_5)","decl":{"start":{"line":64,"column":55},"end":{"line":64,"column":null}},"loc":{"start":{"line":65,"column":6},"end":{"line":65,"column":null}},"line":65},"6":{"name":"(anonymous_6)","decl":{"start":{"line":67,"column":56},"end":{"line":67,"column":62}},"loc":{"start":{"line":67,"column":62},"end":{"line":67,"column":74}},"line":67},"7":{"name":"(anonymous_7)","decl":{"start":{"line":68,"column":54},"end":{"line":68,"column":60}},"loc":{"start":{"line":68,"column":60},"end":{"line":68,"column":73}},"line":68},"8":{"name":"(anonymous_8)","decl":{"start":{"line":69,"column":58},"end":{"line":69,"column":null}},"loc":{"start":{"line":70,"column":6},"end":{"line":70,"column":null}},"line":70},"9":{"name":"(anonymous_9)","decl":{"start":{"line":72,"column":60},"end":{"line":72,"column":null}},"loc":{"start":{"line":73,"column":6},"end":{"line":73,"column":null}},"line":73},"10":{"name":"setupBackend","decl":{"start":{"line":109,"column":15},"end":{"line":109,"column":28}},"loc":{"start":{"line":109,"column":62},"end":{"line":114,"column":null}},"line":109},"11":{"name":"enableTts","decl":{"start":{"line":117,"column":15},"end":{"line":117,"column":25}},"loc":{"start":{"line":117,"column":59},"end":{"line":131,"column":null}},"line":117},"12":{"name":"disableTts","decl":{"start":{"line":134,"column":9},"end":{"line":134,"column":22}},"loc":{"start":{"line":134,"column":22},"end":{"line":148,"column":null}},"line":134},"13":{"name":"toggleTts","decl":{"start":{"line":151,"column":15},"end":{"line":151,"column":25}},"loc":{"start":{"line":151,"column":59},"end":{"line":160,"column":null}},"line":151},"14":{"name":"togglePause","decl":{"start":{"line":163,"column":9},"end":{"line":163,"column":23}},"loc":{"start":{"line":163,"column":23},"end":{"line":166,"column":null}},"line":163},"15":{"name":"initializeAndRegister","decl":{"start":{"line":169,"column":15},"end":{"line":169,"column":null}},"loc":{"start":{"line":172,"column":2},"end":{"line":220,"column":null}},"line":172},"16":{"name":"(anonymous_16)","decl":{"start":{"line":184,"column":6},"end":{"line":184,"column":13}},"loc":{"start":{"line":184,"column":26},"end":{"line":187,"column":null}},"line":184},"17":{"name":"readSelectionAloud","decl":{"start":{"line":223,"column":15},"end":{"line":223,"column":36}},"loc":{"start":{"line":223,"column":36},"end":{"line":260,"column":null}},"line":223},"18":{"name":"testVoice","decl":{"start":{"line":263,"column":15},"end":{"line":263,"column":25}},"loc":{"start":{"line":263,"column":46},"end":{"line":280,"column":null}},"line":263},"19":{"name":"changeVoice","decl":{"start":{"line":283,"column":15},"end":{"line":283,"column":27}},"loc":{"start":{"line":283,"column":61},"end":{"line":303,"column":null}},"line":283},"20":{"name":"updateStatusBar","decl":{"start":{"line":305,"column":9},"end":{"line":305,"column":25}},"loc":{"start":{"line":305,"column":59},"end":{"line":322,"column":null}},"line":305},"21":{"name":"deactivate","decl":{"start":{"line":324,"column":16},"end":{"line":324,"column":29}},"loc":{"start":{"line":324,"column":29},"end":{"line":327,"column":null}},"line":324}},"branchMap":{"0":{"loc":{"start":{"line":41,"column":6},"end":{"line":47,"column":null}},"type":"if","locations":[{"start":{"line":41,"column":6},"end":{"line":47,"column":null}},{"start":{"line":44,"column":13},"end":{"line":47,"column":null}}],"line":41},"1":{"loc":{"start":{"line":82,"column":2},"end":{"line":98,"column":null}},"type":"if","locations":[{"start":{"line":82,"column":2},"end":{"line":98,"column":null}},{"start":{"line":94,"column":2},"end":{"line":98,"column":null}}],"line":82},"2":{"loc":{"start":{"line":94,"column":2},"end":{"line":98,"column":null}},"type":"if","locations":[{"start":{"line":94,"column":2},"end":{"line":98,"column":null}},{"start":{"line":96,"column":9},"end":{"line":98,"column":null}}],"line":94},"3":{"loc":{"start":{"line":100,"column":16},"end":{"line":100,"column":null}},"type":"cond-expr","locations":[{"start":{"line":100,"column":39},"end":{"line":100,"column":53}},{"start":{"line":100,"column":53},"end":{"line":100,"column":null}}],"line":100},"4":{"loc":{"start":{"line":111,"column":2},"end":{"line":111,"column":null}},"type":"if","locations":[{"start":{"line":111,"column":2},"end":{"line":111,"column":null}},{"start":{},"end":{}}],"line":111},"5":{"loc":{"start":{"line":121,"column":2},"end":{"line":124,"column":null}},"type":"if","locations":[{"start":{"line":121,"column":2},"end":{"line":124,"column":null}},{"start":{},"end":{}}],"line":121},"6":{"loc":{"start":{"line":127,"column":2},"end":{"line":127,"column":null}},"type":"if","locations":[{"start":{"line":127,"column":2},"end":{"line":127,"column":null}},{"start":{},"end":{}}],"line":127},"7":{"loc":{"start":{"line":155,"column":2},"end":{"line":159,"column":null}},"type":"if","locations":[{"start":{"line":155,"column":2},"end":{"line":159,"column":null}},{"start":{"line":157,"column":9},"end":{"line":159,"column":null}}],"line":155},"8":{"loc":{"start":{"line":155,"column":6},"end":{"line":155,"column":37}},"type":"binary-expr","locations":[{"start":{"line":155,"column":6},"end":{"line":155,"column":17}},{"start":{"line":155,"column":17},"end":{"line":155,"column":37}}],"line":155},"9":{"loc":{"start":{"line":164,"column":2},"end":{"line":164,"column":null}},"type":"if","locations":[{"start":{"line":164,"column":2},"end":{"line":164,"column":null}},{"start":{},"end":{}}],"line":164},"10":{"loc":{"start":{"line":191,"column":16},"end":{"line":191,"column":null}},"type":"cond-expr","locations":[{"start":{"line":191,"column":39},"end":{"line":191,"column":53}},{"start":{"line":191,"column":53},"end":{"line":191,"column":null}}],"line":191},"11":{"loc":{"start":{"line":217,"column":2},"end":{"line":219,"column":null}},"type":"if","locations":[{"start":{"line":217,"column":2},"end":{"line":219,"column":null}},{"start":{},"end":{}}],"line":217},"12":{"loc":{"start":{"line":225,"column":2},"end":{"line":230,"column":null}},"type":"if","locations":[{"start":{"line":225,"column":2},"end":{"line":230,"column":null}},{"start":{},"end":{}}],"line":225},"13":{"loc":{"start":{"line":233,"column":2},"end":{"line":236,"column":null}},"type":"if","locations":[{"start":{"line":233,"column":2},"end":{"line":236,"column":null}},{"start":{},"end":{}}],"line":233},"14":{"loc":{"start":{"line":239,"column":15},"end":{"line":241,"column":null}},"type":"cond-expr","locations":[{"start":{"line":240,"column":6},"end":{"line":240,"column":null}},{"start":{"line":241,"column":6},"end":{"line":241,"column":null}}],"line":239},"15":{"loc":{"start":{"line":243,"column":2},"end":{"line":246,"column":null}},"type":"if","locations":[{"start":{"line":243,"column":2},"end":{"line":246,"column":null}},{"start":{},"end":{}}],"line":243},"16":{"loc":{"start":{"line":257,"column":16},"end":{"line":257,"column":null}},"type":"cond-expr","locations":[{"start":{"line":257,"column":39},"end":{"line":257,"column":53}},{"start":{"line":257,"column":53},"end":{"line":257,"column":null}}],"line":257},"17":{"loc":{"start":{"line":274,"column":16},"end":{"line":274,"column":null}},"type":"cond-expr","locations":[{"start":{"line":274,"column":39},"end":{"line":274,"column":53}},{"start":{"line":274,"column":53},"end":{"line":274,"column":null}}],"line":274},"18":{"loc":{"start":{"line":286,"column":2},"end":{"line":291,"column":null}},"type":"if","locations":[{"start":{"line":286,"column":2},"end":{"line":291,"column":null}},{"start":{},"end":{}}],"line":286},"19":{"loc":{"start":{"line":294,"column":2},"end":{"line":294,"column":null}},"type":"if","locations":[{"start":{"line":294,"column":2},"end":{"line":294,"column":null}},{"start":{},"end":{}}],"line":294},"20":{"loc":{"start":{"line":300,"column":2},"end":{"line":300,"column":null}},"type":"if","locations":[{"start":{"line":300,"column":2},"end":{"line":300,"column":null}},{"start":{},"end":{}}],"line":300},"21":{"loc":{"start":{"line":305,"column":42},"end":{"line":305,"column":59}},"type":"default-arg","locations":[{"start":{"line":305,"column":52},"end":{"line":305,"column":59}}],"line":305},"22":{"loc":{"start":{"line":306,"column":2},"end":{"line":320,"column":null}},"type":"if","locations":[{"start":{"line":306,"column":2},"end":{"line":320,"column":null}},{"start":{"line":310,"column":2},"end":{"line":320,"column":null}}],"line":306},"23":{"loc":{"start":{"line":310,"column":2},"end":{"line":320,"column":null}},"type":"if","locations":[{"start":{"line":310,"column":2},"end":{"line":320,"column":null}},{"start":{"line":316,"column":9},"end":{"line":320,"column":null}}],"line":310}},"s":{"0":0,"1":0,"2":0,"3":0,"4":0,"5":0,"6":0,"7":0,"8":0,"9":0,"10":0,"11":0,"12":0,"13":0,"14":0,"15":0,"16":0,"17":0,"18":0,"19":0,"20":0,"21":0,"22":0,"23":0,"24":0,"25":0,"26":0,"27":0,"28":0,"29":0,"30":0,"31":0,"32":0,"33":0,"34":0,"35":0,"36":0,"37":0,"38":0,"39":0,"40":0,"41":0,"42":0,"43":0,"44":0,"45":0,"46":0,"47":0,"48":0,"49":0,"50":0,"51":0,"52":0,"53":0,"54":0,"55":0,"56":0,"57":0,"58":0,"59":0,"60":0,"61":0,"62":0,"63":0,"64":0,"65":0,"66":0,"67":0,"68":0,"69":0,"70":0,"71":0,"72":0,"73":0,"74":0,"75":0,"76":0,"77":0,"78":0,"79":0,"80":0,"81":0,"82":0,"83":0,"84":0,"85":0,"86":0,"87":0,"88":0,"89":0,"90":0,"91":0,"92":0,"93":0,"94":0,"95":0,"96":0,"97":0,"98":0,"99":0,"100":0,"101":0,"102":0,"103":0,"104":0,"105":0,"106":0,"107":0,"108":0,"109":0,"110":0,"111":0,"112":0,"113":0,"114":0,"115":0,"116":0,"117":0,"118":0,"119":0,"120":0,"121":0,"122":0,"123":0,"124":0,"125":0,"126":0,"127":0,"128":0,"129":0,"130":0,"131":0,"132":0,"133":0,"134":0,"135":0,"136":0,"137":0,"138":0,"139":0,"140":0,"141":0,"142":0,"143":0,"144":0,"145":0,"146":0,"147":0,"148":0,"149":0,"150":0,"151":0,"152":0,"153":0,"154":0},"f":{"0":0,"1":0,"2":0,"3":0,"4":0,"5":0,"6":0,"7":0,"8":0,"9":0,"10":0,"11":0,"12":0,"13":0,"14":0,"15":0,"16":0,"17":0,"18":0,"19":0,"20":0,"21":0},"b":{"0":[0,0],"1":[0,0],"2":[0,0],"3":[0,0],"4":[0,0],"5":[0,0],"6":[0,0],"7":[0,0],"8":[0,0],"9":[0,0],"10":[0,0],"11":[0,0],"12":[0,0],"13":[0,0],"14":[0,0],"15":[0,0],"16":[0,0],"17":[0,0],"18":[0,0],"19":[0,0],"20":[0,0],"21":[0],"22":[0,0],"23":[0,0]},"meta":{"lastBranch":24,"lastFunction":22,"lastStatement":155,"seen":{"f:15:22:15:31":0,"s:16:2:105:Infinity":0,"s:17:4:17:Infinity":1,"s:18:4:18:Infinity":2,"s:19:4:19:Infinity":3,"s:22:2:25:Infinity":4,"s:26:2:26:Infinity":5,"s:27:2:27:Infinity":6,"s:30:2:33:Infinity":7,"s:34:2:34:Infinity":8,"s:35:2:35:Infinity":9,"s:38:2:38:Infinity":10,"s:39:2:49:Infinity":11,"f:40:35:40:36":1,"b:41:6:47:Infinity:44:13:47:Infinity":0,"s:41:6:47:Infinity":12,"s:42:8:42:Infinity":13,"s:43:8:43:Infinity":14,"s:45:8:45:Infinity":15,"s:46:8:46:Infinity":16,"s:50:2:54:Infinity":17,"f:51:29:51:35":2,"s:52:6:52:Infinity":18,"s:57:2:75:Infinity":19,"f:58:54:58:Infinity":3,"s:59:6:59:Infinity":20,"f:61:55:61:Infinity":4,"s:62:6:62:Infinity":21,"f:64:55:64:Infinity":5,"s:65:6:65:Infinity":22,"f:67:56:67:62":6,"s:67:62:67:74":23,"f:68:54:68:60":7,"s:68:60:68:73":24,"f:69:58:69:Infinity":8,"s:70:6:70:Infinity":25,"f:72:60:72:Infinity":9,"s:73:6:73:Infinity":26,"s:78:17:78:Infinity":27,"s:79:20:79:Infinity":28,"s:80:18:80:Infinity":29,"b:82:2:98:Infinity:94:2:98:Infinity":1,"s:82:2:98:Infinity":30,"s:84:4:84:Infinity":31,"s:85:4:85:Infinity":32,"s:86:4:86:Infinity":33,"s:88:4:88:Infinity":34,"s:89:4:93:Infinity":35,"b:94:2:98:Infinity:96:9:98:Infinity":2,"s:94:2:98:Infinity":36,"s:95:4:95:Infinity":37,"s:97:4:97:Infinity":38,"s:100:16:100:Infinity":39,"b:100:39:100:53:100:53:100:Infinity":3,"s:101:21:101:Infinity":40,"s:102:4:102:Infinity":41,"s:103:4:103:Infinity":42,"s:104:4:104:Infinity":43,"f:109:15:109:28":10,"s:110:18:110:Infinity":44,"b:111:2:111:Infinity:undefined:undefined:undefined:undefined":4,"s:111:2:111:Infinity":45,"s:111:16:111:Infinity":46,"s:113:2:113:Infinity":47,"f:117:15:117:25":11,"s:118:17:118:Infinity":48,"s:119:20:119:Infinity":49,"b:121:2:124:Infinity:undefined:undefined:undefined:undefined":5,"s:121:2:124:Infinity":50,"s:122:4:122:Infinity":51,"s:123:4:123:Infinity":52,"s:126:18:126:Infinity":53,"b:127:2:127:Infinity:undefined:undefined:undefined:undefined":6,"s:127:2:127:Infinity":54,"s:127:16:127:Infinity":55,"s:129:2:129:Infinity":56,"s:130:2:130:Infinity":57,"f:134:9:134:22":12,"s:135:2:135:Infinity":58,"s:137:2:137:Infinity":59,"s:138:2:138:Infinity":60,"s:140:2:140:Infinity":61,"s:142:2:144:Infinity":62,"s:146:2:146:Infinity":63,"s:147:2:147:Infinity":64,"f:151:15:151:25":13,"s:152:17:152:Infinity":65,"s:153:18:153:Infinity":66,"b:155:2:159:Infinity:157:9:159:Infinity":7,"s:155:2:159:Infinity":67,"b:155:6:155:17:155:17:155:37":8,"s:156:4:156:Infinity":68,"s:158:4:158:Infinity":69,"f:163:9:163:23":14,"b:164:2:164:Infinity:undefined:undefined:undefined:undefined":9,"s:164:2:164:Infinity":70,"s:164:17:164:Infinity":71,"s:165:2:165:Infinity":72,"f:169:15:169:Infinity":15,"s:173:2:173:Infinity":73,"s:175:2:198:Infinity":74,"s:176:4:176:Infinity":75,"s:177:4:177:Infinity":76,"s:178:4:188:Infinity":77,"f:184:6:184:13":16,"s:185:8:185:Infinity":78,"s:186:8:186:Infinity":79,"s:189:4:189:Infinity":80,"s:191:16:191:Infinity":81,"b:191:39:191:53:191:53:191:Infinity":10,"s:192:4:192:Infinity":82,"s:193:4:195:Infinity":83,"s:196:4:196:Infinity":84,"s:197:4:197:Infinity":85,"s:200:2:200:Infinity":86,"s:203:2:203:Infinity":87,"s:204:2:207:Infinity":88,"s:208:2:208:Infinity":89,"s:210:2:210:Infinity":90,"s:212:16:216:Infinity":91,"b:217:2:219:Infinity:undefined:undefined:undefined:undefined":11,"s:217:2:219:Infinity":92,"s:218:4:218:Infinity":93,"f:223:15:223:36":17,"s:224:18:224:Infinity":94,"b:225:2:230:Infinity:undefined:undefined:undefined:undefined":12,"s:225:2:230:Infinity":95,"s:226:4:228:Infinity":96,"s:229:4:229:Infinity":97,"s:232:17:232:Infinity":98,"b:233:2:236:Infinity:undefined:undefined:undefined:undefined":13,"s:233:2:236:Infinity":99,"s:234:4:234:Infinity":100,"s:235:4:235:Infinity":101,"s:238:20:238:Infinity":102,"s:239:15:241:Infinity":103,"b:240:6:240:Infinity:241:6:241:Infinity":14,"b:243:2:246:Infinity:undefined:undefined:undefined:undefined":15,"s:243:2:246:Infinity":104,"s:244:4:244:Infinity":105,"s:245:4:245:Infinity":106,"s:248:17:248:Infinity":107,"s:249:16:249:Infinity":108,"s:251:2:259:Infinity":109,"s:252:10:252:Infinity":110,"s:253:4:255:Infinity":111,"s:254:6:254:Infinity":112,"s:257:16:257:Infinity":113,"b:257:39:257:53:257:53:257:Infinity":16,"s:258:4:258:Infinity":114,"f:263:15:263:25":18,"s:264:17:264:Infinity":115,"s:265:16:265:Infinity":116,"s:266:19:266:Infinity":117,"s:268:2:279:Infinity":118,"s:269:4:269:Infinity":119,"s:270:4:272:Infinity":120,"s:271:6:271:Infinity":121,"s:274:16:274:Infinity":122,"b:274:39:274:53:274:53:274:Infinity":17,"s:275:4:275:Infinity":123,"s:276:4:276:Infinity":124,"s:278:4:278:Infinity":125,"f:283:15:283:27":19,"s:284:17:284:Infinity":126,"s:285:20:285:Infinity":127,"b:286:2:291:Infinity:undefined:undefined:undefined:undefined":18,"s:286:2:291:Infinity":128,"s:287:4:289:Infinity":129,"s:290:4:290:Infinity":130,"s:293:16:293:Infinity":131,"b:294:2:294:Infinity:undefined:undefined:undefined:undefined":19,"s:294:2:294:Infinity":132,"s:294:14:294:Infinity":133,"s:296:2:296:Infinity":134,"s:299:18:299:Infinity":135,"b:300:2:300:Infinity:undefined:undefined:undefined:undefined":20,"s:300:2:300:Infinity":136,"s:300:16:300:Infinity":137,"s:302:2:302:Infinity":138,"f:305:9:305:25":20,"b:305:52:305:59":21,"b:306:2:320:Infinity:310:2:320:Infinity":22,"s:306:2:320:Infinity":139,"s:307:4:307:Infinity":140,"s:308:4:308:Infinity":141,"s:309:4:309:Infinity":142,"b:310:2:320:Infinity:316:9:320:Infinity":23,"s:310:2:320:Infinity":143,"s:311:4:311:Infinity":144,"s:312:4:312:Infinity":145,"s:313:4:313:Infinity":146,"s:314:4:314:Infinity":147,"s:315:4:315:Infinity":148,"s:317:4:317:Infinity":149,"s:318:4:318:Infinity":150,"s:319:4:319:Infinity":151,"s:321:2:321:Infinity":152,"f:324:16:324:29":21,"s:325:2:325:Infinity":153,"s:326:2:326:Infinity":154}}}
,"/Users/marten/Code/vscode-extensions/vscode-f5-speech/src/installer.ts": {"path":"/Users/marten/Code/vscode-extensions/vscode-f5-speech/src/installer.ts","statementMap":{"0":{"start":{"line":12,"column":2},"end":{"line":33,"column":null}},"1":{"start":{"line":13,"column":4},"end":{"line":32,"column":null}},"2":{"start":{"line":22,"column":8},"end":{"line":30,"column":null}},"3":{"start":{"line":23,"column":10},"end":{"line":27,"column":null}},"4":{"start":{"line":29,"column":10},"end":{"line":29,"column":null}},"5":{"start":{"line":45,"column":20},"end":{"line":45,"column":null}},"6":{"start":{"line":46,"column":2},"end":{"line":46,"column":null}},"7":{"start":{"line":46,"column":32},"end":{"line":46,"column":null}},"8":{"start":{"line":48,"column":2},"end":{"line":54,"column":null}},"9":{"start":{"line":49,"column":4},"end":{"line":49,"column":null}},"10":{"start":{"line":51,"column":4},"end":{"line":53,"column":null}},"11":{"start":{"line":56,"column":2},"end":{"line":70,"column":null}},"12":{"start":{"line":63,"column":6},"end":{"line":65,"column":null}},"13":{"start":{"line":66,"column":6},"end":{"line":68,"column":null}},"14":{"start":{"line":75,"column":23},"end":{"line":75,"column":null}},"15":{"start":{"line":76,"column":23},"end":{"line":76,"column":null}},"16":{"start":{"line":79,"column":15},"end":{"line":79,"column":null}},"17":{"start":{"line":80,"column":2},"end":{"line":82,"column":null}},"18":{"start":{"line":81,"column":4},"end":{"line":81,"column":null}},"19":{"start":{"line":83,"column":2},"end":{"line":85,"column":null}},"20":{"start":{"line":84,"column":4},"end":{"line":84,"column":null}},"21":{"start":{"line":86,"column":2},"end":{"line":88,"column":null}},"22":{"start":{"line":103,"column":24},"end":{"line":103,"column":null}},"23":{"start":{"line":104,"column":24},"end":{"line":104,"column":null}},"24":{"start":{"line":105,"column":18},"end":{"line":105,"column":null}},"25":{"start":{"line":106,"column":21},"end":{"line":106,"column":null}},"26":{"start":{"line":108,"column":2},"end":{"line":108,"column":null}},"27":{"start":{"line":108,"column":33},"end":{"line":108,"column":null}},"28":{"start":{"line":110,"column":2},"end":{"line":114,"column":null}},"29":{"start":{"line":111,"column":4},"end":{"line":113,"column":null}},"30":{"start":{"line":116,"column":2},"end":{"line":168,"column":null}},"31":{"start":{"line":123,"column":6},"end":{"line":123,"column":null}},"32":{"start":{"line":126,"column":6},"end":{"line":153,"column":null}},"33":{"start":{"line":127,"column":8},"end":{"line":127,"column":null}},"34":{"start":{"line":128,"column":20},"end":{"line":128,"column":null}},"35":{"start":{"line":129,"column":28},"end":{"line":129,"column":null}},"36":{"start":{"line":131,"column":8},"end":{"line":139,"column":null}},"37":{"start":{"line":142,"column":8},"end":{"line":142,"column":null}},"38":{"start":{"line":143,"column":8},"end":{"line":143,"column":null}},"39":{"start":{"line":144,"column":8},"end":{"line":150,"column":null}},"40":{"start":{"line":152,"column":8},"end":{"line":152,"column":null}},"41":{"start":{"line":156,"column":6},"end":{"line":156,"column":null}},"42":{"start":{"line":157,"column":6},"end":{"line":157,"column":null}},"43":{"start":{"line":160,"column":6},"end":{"line":162,"column":null}},"44":{"start":{"line":163,"column":18},"end":{"line":163,"column":null}},"45":{"start":{"line":164,"column":6},"end":{"line":166,"column":null}},"46":{"start":{"line":170,"column":2},"end":{"line":170,"column":null}}},"fnMap":{"0":{"name":"runCommand","decl":{"start":{"line":7,"column":16},"end":{"line":7,"column":null}},"loc":{"start":{"line":11,"column":19},"end":{"line":34,"column":null}},"line":11},"1":{"name":"(anonymous_1)","decl":{"start":{"line":12,"column":21},"end":{"line":12,"column":22}},"loc":{"start":{"line":12,"column":42},"end":{"line":33,"column":3}},"line":12},"2":{"name":"(anonymous_2)","decl":{"start":{"line":21,"column":6},"end":{"line":21,"column":7}},"loc":{"start":{"line":21,"column":31},"end":{"line":31,"column":null}},"line":21},"3":{"name":"ensureKokoroInstalled","decl":{"start":{"line":42,"column":22},"end":{"line":42,"column":null}},"loc":{"start":{"line":44,"column":17},"end":{"line":71,"column":null}},"line":44},"4":{"name":"(anonymous_4)","decl":{"start":{"line":62,"column":4},"end":{"line":62,"column":11}},"loc":{"start":{"line":62,"column":24},"end":{"line":69,"column":null}},"line":62},"5":{"name":"getPythonDownloadUrl","decl":{"start":{"line":78,"column":9},"end":{"line":78,"column":40}},"loc":{"start":{"line":78,"column":40},"end":{"line":89,"column":null}},"line":78},"6":{"name":"ensurePythonEnvironment","decl":{"start":{"line":100,"column":22},"end":{"line":100,"column":null}},"loc":{"start":{"line":102,"column":19},"end":{"line":171,"column":null}},"line":102},"7":{"name":"(anonymous_7)","decl":{"start":{"line":122,"column":4},"end":{"line":122,"column":11}},"loc":{"start":{"line":122,"column":24},"end":{"line":167,"column":null}},"line":122}},"branchMap":{"0":{"loc":{"start":{"line":19,"column":17},"end":{"line":19,"column":null}},"type":"binary-expr","locations":[{"start":{"line":19,"column":17},"end":{"line":19,"column":37}},{"start":{"line":19,"column":37},"end":{"line":19,"column":null}}],"line":19},"1":{"loc":{"start":{"line":22,"column":8},"end":{"line":30,"column":null}},"type":"if","locations":[{"start":{"line":22,"column":8},"end":{"line":30,"column":null}},{"start":{"line":28,"column":15},"end":{"line":30,"column":null}}],"line":22},"2":{"loc":{"start":{"line":25,"column":28},"end":{"line":25,"column":41}},"type":"binary-expr","locations":[{"start":{"line":25,"column":28},"end":{"line":25,"column":39}},{"start":{"line":25,"column":39},"end":{"line":25,"column":41}}],"line":25},"3":{"loc":{"start":{"line":25,"column":53},"end":{"line":25,"column":74}},"type":"binary-expr","locations":[{"start":{"line":25,"column":53},"end":{"line":25,"column":63}},{"start":{"line":25,"column":63},"end":{"line":25,"column":74}}],"line":25},"4":{"loc":{"start":{"line":46,"column":2},"end":{"line":46,"column":null}},"type":"if","locations":[{"start":{"line":46,"column":2},"end":{"line":46,"column":null}},{"start":{},"end":{}}],"line":46},"5":{"loc":{"start":{"line":79,"column":15},"end":{"line":79,"column":null}},"type":"cond-expr","locations":[{"start":{"line":79,"column":42},"end":{"line":79,"column":54}},{"start":{"line":79,"column":54},"end":{"line":79,"column":null}}],"line":79},"6":{"loc":{"start":{"line":80,"column":2},"end":{"line":82,"column":null}},"type":"if","locations":[{"start":{"line":80,"column":2},"end":{"line":82,"column":null}},{"start":{},"end":{}}],"line":80},"7":{"loc":{"start":{"line":83,"column":2},"end":{"line":85,"column":null}},"type":"if","locations":[{"start":{"line":83,"column":2},"end":{"line":85,"column":null}},{"start":{},"end":{}}],"line":83},"8":{"loc":{"start":{"line":108,"column":2},"end":{"line":108,"column":null}},"type":"if","locations":[{"start":{"line":108,"column":2},"end":{"line":108,"column":null}},{"start":{},"end":{}}],"line":108},"9":{"loc":{"start":{"line":110,"column":2},"end":{"line":114,"column":null}},"type":"if","locations":[{"start":{"line":110,"column":2},"end":{"line":114,"column":null}},{"start":{},"end":{}}],"line":110},"10":{"loc":{"start":{"line":110,"column":6},"end":{"line":110,"column":65}},"type":"binary-expr","locations":[{"start":{"line":110,"column":6},"end":{"line":110,"column":39}},{"start":{"line":110,"column":39},"end":{"line":110,"column":65}}],"line":110},"11":{"loc":{"start":{"line":126,"column":6},"end":{"line":153,"column":null}},"type":"if","locations":[{"start":{"line":126,"column":6},"end":{"line":153,"column":null}},{"start":{},"end":{}}],"line":126}},"s":{"0":0,"1":0,"2":0,"3":0,"4":0,"5":0,"6":0,"7":0,"8":0,"9":0,"10":0,"11":0,"12":0,"13":0,"14":0,"15":0,"16":0,"17":0,"18":0,"19":0,"20":0,"21":0,"22":0,"23":0,"24":0,"25":0,"26":0,"27":0,"28":0,"29":0,"30":0,"31":0,"32":0,"33":0,"34":0,"35":0,"36":0,"37":0,"38":0,"39":0,"40":0,"41":0,"42":0,"43":0,"44":0,"45":0,"46":0},"f":{"0":0,"1":0,"2":0,"3":0,"4":0,"5":0,"6":0,"7":0},"b":{"0":[0,0],"1":[0,0],"2":[0,0],"3":[0,0],"4":[0,0],"5":[0,0],"6":[0,0],"7":[0,0],"8":[0,0],"9":[0,0],"10":[0,0],"11":[0,0]},"meta":{"lastBranch":12,"lastFunction":8,"lastStatement":47,"seen":{"f:7:16:7:Infinity":0,"s:12:2:33:Infinity":0,"f:12:21:12:22":1,"s:13:4:32:Infinity":1,"b:19:17:19:37:19:37:19:Infinity":0,"f:21:6:21:7":2,"b:22:8:30:Infinity:28:15:30:Infinity":1,"s:22:8:30:Infinity":2,"s:23:10:27:Infinity":3,"b:25:28:25:39:25:39:25:41":2,"b:25:53:25:63:25:63:25:74":3,"s:29:10:29:Infinity":4,"f:42:22:42:Infinity":3,"s:45:20:45:Infinity":5,"b:46:2:46:Infinity:undefined:undefined:undefined:undefined":4,"s:46:2:46:Infinity":6,"s:46:32:46:Infinity":7,"s:48:2:54:Infinity":8,"s:49:4:49:Infinity":9,"s:51:4:53:Infinity":10,"s:56:2:70:Infinity":11,"f:62:4:62:11":4,"s:63:6:65:Infinity":12,"s:66:6:68:Infinity":13,"s:75:23:75:Infinity":14,"s:76:23:76:Infinity":15,"f:78:9:78:40":5,"s:79:15:79:Infinity":16,"b:79:42:79:54:79:54:79:Infinity":5,"b:80:2:82:Infinity:undefined:undefined:undefined:undefined":6,"s:80:2:82:Infinity":17,"s:81:4:81:Infinity":18,"b:83:2:85:Infinity:undefined:undefined:undefined:undefined":7,"s:83:2:85:Infinity":19,"s:84:4:84:Infinity":20,"s:86:2:88:Infinity":21,"f:100:22:100:Infinity":6,"s:103:24:103:Infinity":22,"s:104:24:104:Infinity":23,"s:105:18:105:Infinity":24,"s:106:21:106:Infinity":25,"b:108:2:108:Infinity:undefined:undefined:undefined:undefined":8,"s:108:2:108:Infinity":26,"s:108:33:108:Infinity":27,"b:110:2:114:Infinity:undefined:undefined:undefined:undefined":9,"s:110:2:114:Infinity":28,"b:110:6:110:39:110:39:110:65":10,"s:111:4:113:Infinity":29,"s:116:2:168:Infinity":30,"f:122:4:122:11":7,"s:123:6:123:Infinity":31,"b:126:6:153:Infinity:undefined:undefined:undefined:undefined":11,"s:126:6:153:Infinity":32,"s:127:8:127:Infinity":33,"s:128:20:128:Infinity":34,"s:129:28:129:Infinity":35,"s:131:8:139:Infinity":36,"s:142:8:142:Infinity":37,"s:143:8:143:Infinity":38,"s:144:8:150:Infinity":39,"s:152:8:152:Infinity":40,"s:156:6:156:Infinity":41,"s:157:6:157:Infinity":42,"s:160:6:162:Infinity":43,"s:163:18:163:Infinity":44,"s:164:6:166:Infinity":45,"s:170:2:170:Infinity":46}}}
,"/Users/marten/Code/vscode-extensions/vscode-f5-speech/src/kokoro-js.d.ts": {"path":"/Users/marten/Code/vscode-extensions/vscode-f5-speech/src/kokoro-js.d.ts","statementMap":{},"fnMap":{},"branchMap":{},"s":{},"f":{},"b":{},"meta":{"lastBranch":0,"lastFunction":0,"lastStatement":0,"seen":{}}}
,"/Users/marten/Code/vscode-extensions/vscode-f5-speech/src/player.ts": {"path":"/Users/marten/Code/vscode-extensions/vscode-f5-speech/src/player.ts","statementMap":{"0":{"start":{"line":16,"column":49},"end":{"line":16,"column":null}},"1":{"start":{"line":17,"column":20},"end":{"line":17,"column":null}},"2":{"start":{"line":18,"column":20},"end":{"line":18,"column":null}},"3":{"start":{"line":19,"column":47},"end":{"line":19,"column":null}},"4":{"start":{"line":22,"column":4},"end":{"line":22,"column":null}},"5":{"start":{"line":26,"column":4},"end":{"line":26,"column":null}},"6":{"start":{"line":27,"column":4},"end":{"line":29,"column":null}},"7":{"start":{"line":28,"column":6},"end":{"line":28,"column":null}},"8":{"start":{"line":33,"column":4},"end":{"line":33,"column":null}},"9":{"start":{"line":34,"column":4},"end":{"line":36,"column":null}},"10":{"start":{"line":35,"column":6},"end":{"line":35,"column":null}},"11":{"start":{"line":37,"column":15},"end":{"line":37,"column":null}},"12":{"start":{"line":38,"column":4},"end":{"line":38,"column":null}},"13":{"start":{"line":39,"column":4},"end":{"line":39,"column":null}},"14":{"start":{"line":43,"column":4},"end":{"line":43,"column":null}},"15":{"start":{"line":44,"column":4},"end":{"line":44,"column":null}},"16":{"start":{"line":45,"column":15},"end":{"line":45,"column":null}},"17":{"start":{"line":46,"column":4},"end":{"line":46,"column":null}},"18":{"start":{"line":47,"column":4},"end":{"line":47,"column":null}},"19":{"start":{"line":48,"column":4},"end":{"line":53,"column":null}},"20":{"start":{"line":50,"column":6},"end":{"line":50,"column":null}},"21":{"start":{"line":51,"column":6},"end":{"line":51,"column":null}},"22":{"start":{"line":52,"column":6},"end":{"line":52,"column":null}},"23":{"start":{"line":57,"column":4},"end":{"line":57,"column":null}},"24":{"start":{"line":57,"column":22},"end":{"line":57,"column":null}},"25":{"start":{"line":60,"column":4},"end":{"line":64,"column":null}},"26":{"start":{"line":61,"column":6},"end":{"line":63,"column":null}},"27":{"start":{"line":62,"column":8},"end":{"line":62,"column":null}},"28":{"start":{"line":66,"column":4},"end":{"line":66,"column":null}},"29":{"start":{"line":66,"column":22},"end":{"line":66,"column":null}},"30":{"start":{"line":68,"column":20},"end":{"line":68,"column":null}},"31":{"start":{"line":69,"column":4},"end":{"line":74,"column":null}},"32":{"start":{"line":70,"column":6},"end":{"line":70,"column":null}},"33":{"start":{"line":71,"column":6},"end":{"line":71,"column":null}},"34":{"start":{"line":73,"column":6},"end":{"line":73,"column":null}},"35":{"start":{"line":78,"column":4},"end":{"line":117,"column":null}},"36":{"start":{"line":79,"column":6},"end":{"line":82,"column":null}},"37":{"start":{"line":80,"column":8},"end":{"line":80,"column":null}},"38":{"start":{"line":81,"column":8},"end":{"line":81,"column":null}},"39":{"start":{"line":87,"column":20},"end":{"line":89,"column":null}},"40":{"start":{"line":91,"column":6},"end":{"line":103,"column":null}},"41":{"start":{"line":92,"column":8},"end":{"line":92,"column":null}},"42":{"start":{"line":93,"column":8},"end":{"line":93,"column":null}},"43":{"start":{"line":94,"column":6},"end":{"line":103,"column":null}},"44":{"start":{"line":95,"column":8},"end":{"line":95,"column":null}},"45":{"start":{"line":96,"column":8},"end":{"line":96,"column":null}},"46":{"start":{"line":98,"column":8},"end":{"line":98,"column":null}},"47":{"start":{"line":99,"column":8},"end":{"line":102,"column":null}},"48":{"start":{"line":105,"column":6},"end":{"line":116,"column":null}},"49":{"start":{"line":106,"column":8},"end":{"line":106,"column":null}},"50":{"start":{"line":107,"column":8},"end":{"line":115,"column":null}},"51":{"start":{"line":108,"column":10},"end":{"line":112,"column":null}},"52":{"start":{"line":109,"column":12},"end":{"line":109,"column":null}},"53":{"start":{"line":111,"column":12},"end":{"line":111,"column":null}},"54":{"start":{"line":114,"column":10},"end":{"line":114,"column":null}},"55":{"start":{"line":121,"column":36},"end":{"line":121,"column":null}},"56":{"start":{"line":122,"column":26},"end":{"line":122,"column":null}},"57":{"start":{"line":123,"column":24},"end":{"line":123,"column":null}},"58":{"start":{"line":124,"column":27},"end":{"line":124,"column":null}},"59":{"start":{"line":125,"column":21},"end":{"line":125,"column":null}},"60":{"start":{"line":126,"column":23},"end":{"line":126,"column":null}},"61":{"start":{"line":127,"column":19},"end":{"line":127,"column":null}},"62":{"start":{"line":130,"column":4},"end":{"line":130,"column":null}},"63":{"start":{"line":131,"column":4},"end":{"line":131,"column":null}},"64":{"start":{"line":132,"column":4},"end":{"line":132,"column":null}},"65":{"start":{"line":135,"column":4},"end":{"line":135,"column":null}},"66":{"start":{"line":136,"column":4},"end":{"line":136,"column":null}},"67":{"start":{"line":137,"column":4},"end":{"line":137,"column":null}},"68":{"start":{"line":138,"column":4},"end":{"line":138,"column":null}},"69":{"start":{"line":139,"column":4},"end":{"line":139,"column":null}},"70":{"start":{"line":140,"column":4},"end":{"line":140,"column":null}},"71":{"start":{"line":141,"column":4},"end":{"line":141,"column":null}},"72":{"start":{"line":142,"column":4},"end":{"line":142,"column":null}},"73":{"start":{"line":145,"column":4},"end":{"line":145,"column":null}},"74":{"start":{"line":146,"column":4},"end":{"line":146,"column":null}},"75":{"start":{"line":149,"column":4},"end":{"line":152,"column":null}},"76":{"start":{"line":149,"column":17},"end":{"line":149,"column":20}},"77":{"start":{"line":150,"column":22},"end":{"line":150,"column":null}},"78":{"start":{"line":151,"column":6},"end":{"line":151,"column":null}},"79":{"start":{"line":154,"column":4},"end":{"line":154,"column":null}}},"fnMap":{"0":{"name":"(anonymous_0)","decl":{"start":{"line":21,"column":6},"end":{"line":21,"column":24}},"loc":{"start":{"line":21,"column":24},"end":{"line":23,"column":null}},"line":21},"1":{"name":"(anonymous_1)","decl":{"start":{"line":25,"column":2},"end":{"line":25,"column":16}},"loc":{"start":{"line":25,"column":16},"end":{"line":30,"column":null}},"line":25},"2":{"name":"(anonymous_2)","decl":{"start":{"line":32,"column":2},"end":{"line":32,"column":17}},"loc":{"start":{"line":32,"column":17},"end":{"line":40,"column":null}},"line":32},"3":{"name":"(anonymous_3)","decl":{"start":{"line":42,"column":2},"end":{"line":42,"column":15}},"loc":{"start":{"line":42,"column":15},"end":{"line":54,"column":null}},"line":42},"4":{"name":"(anonymous_4)","decl":{"start":{"line":56,"column":8},"end":{"line":56,"column":13}},"loc":{"start":{"line":56,"column":47},"end":{"line":75,"column":null}},"line":56},"5":{"name":"(anonymous_5)","decl":{"start":{"line":61,"column":30},"end":{"line":61,"column":31}},"loc":{"start":{"line":61,"column":43},"end":{"line":63,"column":7}},"line":61},"6":{"name":"(anonymous_6)","decl":{"start":{"line":73,"column":25},"end":{"line":73,"column":31}},"loc":{"start":{"line":73,"column":31},"end":{"line":73,"column":33}},"line":73},"7":{"name":"(anonymous_7)","decl":{"start":{"line":77,"column":10},"end":{"line":77,"column":19}},"loc":{"start":{"line":77,"column":52},"end":{"line":118,"column":null}},"line":77},"8":{"name":"(anonymous_8)","decl":{"start":{"line":78,"column":23},"end":{"line":78,"column":24}},"loc":{"start":{"line":78,"column":44},"end":{"line":117,"column":5}},"line":78},"9":{"name":"(anonymous_9)","decl":{"start":{"line":105,"column":49},"end":{"line":105,"column":50}},"loc":{"start":{"line":105,"column":58},"end":{"line":116,"column":7}},"line":105},"10":{"name":"(anonymous_10)","decl":{"start":{"line":120,"column":10},"end":{"line":120,"column":20}},"loc":{"start":{"line":120,"column":47},"end":{"line":155,"column":null}},"line":120}},"branchMap":{"0":{"loc":{"start":{"line":27,"column":4},"end":{"line":29,"column":null}},"type":"if","locations":[{"start":{"line":27,"column":4},"end":{"line":29,"column":null}},{"start":{},"end":{}}],"line":27},"1":{"loc":{"start":{"line":34,"column":4},"end":{"line":36,"column":null}},"type":"if","locations":[{"start":{"line":34,"column":4},"end":{"line":36,"column":null}},{"start":{},"end":{}}],"line":34},"2":{"loc":{"start":{"line":48,"column":4},"end":{"line":53,"column":null}},"type":"if","locations":[{"start":{"line":48,"column":4},"end":{"line":53,"column":null}},{"start":{},"end":{}}],"line":48},"3":{"loc":{"start":{"line":57,"column":4},"end":{"line":57,"column":null}},"type":"if","locations":[{"start":{"line":57,"column":4},"end":{"line":57,"column":null}},{"start":{},"end":{}}],"line":57},"4":{"loc":{"start":{"line":60,"column":4},"end":{"line":64,"column":null}},"type":"if","locations":[{"start":{"line":60,"column":4},"end":{"line":64,"column":null}},{"start":{},"end":{}}],"line":60},"5":{"loc":{"start":{"line":66,"column":4},"end":{"line":66,"column":null}},"type":"if","locations":[{"start":{"line":66,"column":4},"end":{"line":66,"column":null}},{"start":{},"end":{}}],"line":66},"6":{"loc":{"start":{"line":79,"column":6},"end":{"line":82,"column":null}},"type":"if","locations":[{"start":{"line":79,"column":6},"end":{"line":82,"column":null}},{"start":{},"end":{}}],"line":79},"7":{"loc":{"start":{"line":91,"column":6},"end":{"line":103,"column":null}},"type":"if","locations":[{"start":{"line":91,"column":6},"end":{"line":103,"column":null}},{"start":{"line":94,"column":6},"end":{"line":103,"column":null}}],"line":91},"8":{"loc":{"start":{"line":94,"column":6},"end":{"line":103,"column":null}},"type":"if","locations":[{"start":{"line":94,"column":6},"end":{"line":103,"column":null}},{"start":{"line":97,"column":13},"end":{"line":103,"column":null}}],"line":94},"9":{"loc":{"start":{"line":107,"column":8},"end":{"line":115,"column":null}},"type":"if","locations":[{"start":{"line":107,"column":8},"end":{"line":115,"column":null}},{"start":{"line":113,"column":15},"end":{"line":115,"column":null}}],"line":107},"10":{"loc":{"start":{"line":108,"column":10},"end":{"line":112,"column":null}},"type":"if","locations":[{"start":{"line":108,"column":10},"end":{"line":112,"column":null}},{"start":{"line":110,"column":17},"end":{"line":112,"column":null}}],"line":108}},"s":{"0":0,"1":0,"2":0,"3":0,"4":0,"5":0,"6":0,"7":0,"8":0,"9":0,"10":0,"11":0,"12":0,"13":0,"14":0,"15":0,"16":0,"17":0,"18":0,"19":0,"20":0,"21":0,"22":0,"23":0,"24":0,"25":0,"26":0,"27":0,"28":0,"29":0,"30":0,"31":0,"32":0,"33":0,"34":0,"35":0,"36":0,"37":0,"38":0,"39":0,"40":0,"41":0,"42":0,"43":0,"44":0,"45":0,"46":0,"47":0,"48":0,"49":0,"50":0,"51":0,"52":0,"53":0,"54":0,"55":0,"56":0,"57":0,"58":0,"59":0,"60":0,"61":0,"62":0,"63":0,"64":0,"65":0,"66":0,"67":0,"68":0,"69":0,"70":0,"71":0,"72":0,"73":0,"74":0,"75":0,"76":0,"77":0,"78":0,"79":0},"f":{"0":0,"1":0,"2":0,"3":0,"4":0,"5":0,"6":0,"7":0,"8":0,"9":0,"10":0},"b":{"0":[0,0],"1":[0,0],"2":[0,0],"3":[0,0],"4":[0,0],"5":[0,0],"6":[0,0],"7":[0,0],"8":[0,0],"9":[0,0],"10":[0,0]},"meta":{"lastBranch":11,"lastFunction":11,"lastStatement":80,"seen":{"s:16:49:16:Infinity":0,"s:17:20:17:Infinity":1,"s:18:20:18:Infinity":2,"s:19:47:19:Infinity":3,"f:21:6:21:24":0,"s:22:4:22:Infinity":4,"f:25:2:25:16":1,"s:26:4:26:Infinity":5,"b:27:4:29:Infinity:undefined:undefined:undefined:undefined":0,"s:27:4:29:Infinity":6,"s:28:6:28:Infinity":7,"f:32:2:32:17":2,"s:33:4:33:Infinity":8,"b:34:4:36:Infinity:undefined:undefined:undefined:undefined":1,"s:34:4:36:Infinity":9,"s:35:6:35:Infinity":10,"s:37:15:37:Infinity":11,"s:38:4:38:Infinity":12,"s:39:4:39:Infinity":13,"f:42:2:42:15":3,"s:43:4:43:Infinity":14,"s:44:4:44:Infinity":15,"s:45:15:45:Infinity":16,"s:46:4:46:Infinity":17,"s:47:4:47:Infinity":18,"b:48:4:53:Infinity:undefined:undefined:undefined:undefined":2,"s:48:4:53:Infinity":19,"s:50:6:50:Infinity":20,"s:51:6:51:Infinity":21,"s:52:6:52:Infinity":22,"f:56:8:56:13":4,"b:57:4:57:Infinity:undefined:undefined:undefined:undefined":3,"s:57:4:57:Infinity":23,"s:57:22:57:Infinity":24,"b:60:4:64:Infinity:undefined:undefined:undefined:undefined":4,"s:60:4:64:Infinity":25,"s:61:6:63:Infinity":26,"f:61:30:61:31":5,"s:62:8:62:Infinity":27,"b:66:4:66:Infinity:undefined:undefined:undefined:undefined":5,"s:66:4:66:Infinity":28,"s:66:22:66:Infinity":29,"s:68:20:68:Infinity":30,"s:69:4:74:Infinity":31,"s:70:6:70:Infinity":32,"s:71:6:71:Infinity":33,"s:73:6:73:Infinity":34,"f:73:25:73:31":6,"f:77:10:77:19":7,"s:78:4:117:Infinity":35,"f:78:23:78:24":8,"b:79:6:82:Infinity:undefined:undefined:undefined:undefined":6,"s:79:6:82:Infinity":36,"s:80:8:80:Infinity":37,"s:81:8:81:Infinity":38,"s:87:20:89:Infinity":39,"b:91:6:103:Infinity:94:6:103:Infinity":7,"s:91:6:103:Infinity":40,"s:92:8:92:Infinity":41,"s:93:8:93:Infinity":42,"b:94:6:103:Infinity:97:13:103:Infinity":8,"s:94:6:103:Infinity":43,"s:95:8:95:Infinity":44,"s:96:8:96:Infinity":45,"s:98:8:98:Infinity":46,"s:99:8:102:Infinity":47,"s:105:6:116:Infinity":48,"f:105:49:105:50":9,"s:106:8:106:Infinity":49,"b:107:8:115:Infinity:113:15:115:Infinity":9,"s:107:8:115:Infinity":50,"b:108:10:112:Infinity:110:17:112:Infinity":10,"s:108:10:112:Infinity":51,"s:109:12:109:Infinity":52,"s:111:12:111:Infinity":53,"s:114:10:114:Infinity":54,"f:120:10:120:20":10,"s:121:36:121:Infinity":55,"s:122:26:122:Infinity":56,"s:123:24:123:Infinity":57,"s:124:27:124:Infinity":58,"s:125:21:125:Infinity":59,"s:126:23:126:Infinity":60,"s:127:19:127:Infinity":61,"s:130:4:130:Infinity":62,"s:131:4:131:Infinity":63,"s:132:4:132:Infinity":64,"s:135:4:135:Infinity":65,"s:136:4:136:Infinity":66,"s:137:4:137:Infinity":67,"s:138:4:138:Infinity":68,"s:139:4:139:Infinity":69,"s:140:4:140:Infinity":70,"s:141:4:141:Infinity":71,"s:142:4:142:Infinity":72,"s:145:4:145:Infinity":73,"s:146:4:146:Infinity":74,"s:149:4:152:Infinity":75,"s:149:17:149:20":76,"s:150:22:150:Infinity":77,"s:151:6:151:Infinity":78,"s:154:4:154:Infinity":79}}}
,"/Users/marten/Code/vscode-extensions/vscode-f5-speech/src/server.ts": {"path":"/Users/marten/Code/vscode-extensions/vscode-f5-speech/src/server.ts","statementMap":{"0":{"start":{"line":9,"column":41},"end":{"line":9,"column":null}},"1":{"start":{"line":10,"column":49},"end":{"line":10,"column":null}},"2":{"start":{"line":11,"column":18},"end":{"line":11,"column":null}},"3":{"start":{"line":12,"column":21},"end":{"line":12,"column":null}},"4":{"start":{"line":23,"column":4},"end":{"line":23,"column":null}},"5":{"start":{"line":24,"column":4},"end":{"line":24,"column":null}},"6":{"start":{"line":25,"column":4},"end":{"line":25,"column":null}},"7":{"start":{"line":26,"column":4},"end":{"line":26,"column":null}},"8":{"start":{"line":28,"column":4},"end":{"line":31,"column":null}},"9":{"start":{"line":32,"column":4},"end":{"line":32,"column":null}},"10":{"start":{"line":33,"column":4},"end":{"line":33,"column":null}},"11":{"start":{"line":34,"column":4},"end":{"line":34,"column":null}},"12":{"start":{"line":35,"column":4},"end":{"line":35,"column":null}},"13":{"start":{"line":40,"column":6},"end":{"line":40,"column":null}},"14":{"start":{"line":41,"column":4},"end":{"line":41,"column":null}},"15":{"start":{"line":42,"column":4},"end":{"line":42,"column":null}},"16":{"start":{"line":43,"column":4},"end":{"line":46,"column":null}},"17":{"start":{"line":44,"column":6},"end":{"line":44,"column":null}},"18":{"start":{"line":45,"column":6},"end":{"line":45,"column":null}},"19":{"start":{"line":50,"column":4},"end":{"line":52,"column":null}},"20":{"start":{"line":51,"column":6},"end":{"line":51,"column":null}},"21":{"start":{"line":54,"column":4},"end":{"line":54,"column":null}},"22":{"start":{"line":55,"column":4},"end":{"line":55,"column":null}},"23":{"start":{"line":56,"column":4},"end":{"line":58,"column":null}},"24":{"start":{"line":60,"column":25},"end":{"line":60,"column":null}},"25":{"start":{"line":62,"column":19},"end":{"line":62,"column":null}},"26":{"start":{"line":63,"column":21},"end":{"line":63,"column":null}},"27":{"start":{"line":64,"column":20},"end":{"line":64,"column":null}},"28":{"start":{"line":65,"column":25},"end":{"line":65,"column":null}},"29":{"start":{"line":67,"column":17},"end":{"line":67,"column":null}},"30":{"start":{"line":68,"column":4},"end":{"line":70,"column":null}},"31":{"start":{"line":69,"column":6},"end":{"line":69,"column":null}},"32":{"start":{"line":71,"column":4},"end":{"line":73,"column":null}},"33":{"start":{"line":72,"column":6},"end":{"line":72,"column":null}},"34":{"start":{"line":74,"column":4},"end":{"line":76,"column":null}},"35":{"start":{"line":75,"column":6},"end":{"line":75,"column":null}},"36":{"start":{"line":78,"column":4},"end":{"line":81,"column":null}},"37":{"start":{"line":83,"column":4},"end":{"line":92,"column":null}},"38":{"start":{"line":84,"column":18},"end":{"line":84,"column":null}},"39":{"start":{"line":85,"column":6},"end":{"line":85,"column":null}},"40":{"start":{"line":86,"column":6},"end":{"line":91,"column":null}},"41":{"start":{"line":87,"column":8},"end":{"line":87,"column":null}},"42":{"start":{"line":88,"column":8},"end":{"line":88,"column":null}},"43":{"start":{"line":89,"column":8},"end":{"line":89,"column":null}},"44":{"start":{"line":90,"column":8},"end":{"line":90,"column":null}},"45":{"start":{"line":94,"column":4},"end":{"line":96,"column":null}},"46":{"start":{"line":95,"column":6},"end":{"line":95,"column":null}},"47":{"start":{"line":98,"column":4},"end":{"line":104,"column":null}},"48":{"start":{"line":99,"column":6},"end":{"line":99,"column":null}},"49":{"start":{"line":100,"column":6},"end":{"line":100,"column":null}},"50":{"start":{"line":101,"column":6},"end":{"line":101,"column":null}},"51":{"start":{"line":102,"column":6},"end":{"line":102,"column":null}},"52":{"start":{"line":103,"column":6},"end":{"line":103,"column":null}},"53":{"start":{"line":107,"column":20},"end":{"line":107,"column":null}},"54":{"start":{"line":108,"column":4},"end":{"line":114,"column":null}},"55":{"start":{"line":109,"column":6},"end":{"line":109,"column":null}},"56":{"start":{"line":110,"column":6},"end":{"line":110,"column":null}},"57":{"start":{"line":111,"column":6},"end":{"line":113,"column":null}},"58":{"start":{"line":118,"column":4},"end":{"line":121,"column":null}},"59":{"start":{"line":119,"column":6},"end":{"line":119,"column":null}},"60":{"start":{"line":120,"column":6},"end":{"line":120,"column":null}},"61":{"start":{"line":122,"column":4},"end":{"line":122,"column":null}},"62":{"start":{"line":123,"column":4},"end":{"line":123,"column":null}},"63":{"start":{"line":124,"column":4},"end":{"line":124,"column":null}},"64":{"start":{"line":125,"column":4},"end":{"line":125,"column":null}},"65":{"start":{"line":129,"column":4},"end":{"line":132,"column":null}},"66":{"start":{"line":130,"column":6},"end":{"line":130,"column":null}},"67":{"start":{"line":131,"column":6},"end":{"line":131,"column":null}},"68":{"start":{"line":136,"column":4},"end":{"line":138,"column":null}},"69":{"start":{"line":137,"column":6},"end":{"line":137,"column":null}},"70":{"start":{"line":139,"column":4},"end":{"line":141,"column":null}},"71":{"start":{"line":140,"column":6},"end":{"line":140,"column":null}},"72":{"start":{"line":143,"column":20},"end":{"line":146,"column":null}},"73":{"start":{"line":148,"column":4},"end":{"line":154,"column":null}},"74":{"start":{"line":149,"column":6},"end":{"line":149,"column":null}},"75":{"start":{"line":150,"column":6},"end":{"line":150,"column":null}},"76":{"start":{"line":153,"column":6},"end":{"line":153,"column":null}},"77":{"start":{"line":158,"column":4},"end":{"line":193,"column":null}},"78":{"start":{"line":159,"column":19},"end":{"line":159,"column":null}},"79":{"start":{"line":161,"column":18},"end":{"line":184,"column":null}},"80":{"start":{"line":174,"column":21},"end":{"line":174,"column":null}},"81":{"start":{"line":175,"column":10},"end":{"line":175,"column":null}},"82":{"start":{"line":175,"column":37},"end":{"line":175,"column":51}},"83":{"start":{"line":176,"column":10},"end":{"line":182,"column":null}},"84":{"start":{"line":177,"column":12},"end":{"line":181,"column":null}},"85":{"start":{"line":178,"column":14},"end":{"line":178,"column":null}},"86":{"start":{"line":180,"column":14},"end":{"line":180,"column":null}},"87":{"start":{"line":186,"column":6},"end":{"line":186,"column":null}},"88":{"start":{"line":186,"column":31},"end":{"line":186,"column":42}},"89":{"start":{"line":187,"column":6},"end":{"line":190,"column":null}},"90":{"start":{"line":188,"column":8},"end":{"line":188,"column":null}},"91":{"start":{"line":189,"column":8},"end":{"line":189,"column":null}},"92":{"start":{"line":191,"column":6},"end":{"line":191,"column":null}},"93":{"start":{"line":192,"column":6},"end":{"line":192,"column":null}},"94":{"start":{"line":197,"column":4},"end":{"line":229,"column":null}},"95":{"start":{"line":202,"column":6},"end":{"line":214,"column":null}},"96":{"start":{"line":203,"column":8},"end":{"line":203,"column":null}},"97":{"start":{"line":204,"column":8},"end":{"line":204,"column":null}},"98":{"start":{"line":205,"column":6},"end":{"line":214,"column":null}},"99":{"start":{"line":206,"column":8},"end":{"line":206,"column":null}},"100":{"start":{"line":207,"column":8},"end":{"line":207,"column":null}},"101":{"start":{"line":209,"column":8},"end":{"line":209,"column":null}},"102":{"start":{"line":210,"column":8},"end":{"line":213,"column":null}},"103":{"start":{"line":216,"column":6},"end":{"line":228,"column":null}},"104":{"start":{"line":217,"column":8},"end":{"line":217,"column":null}},"105":{"start":{"line":218,"column":8},"end":{"line":227,"column":null}},"106":{"start":{"line":220,"column":10},"end":{"line":224,"column":null}},"107":{"start":{"line":221,"column":12},"end":{"line":221,"column":null}},"108":{"start":{"line":223,"column":12},"end":{"line":223,"column":null}},"109":{"start":{"line":226,"column":10},"end":{"line":226,"column":null}},"110":{"start":{"line":233,"column":4},"end":{"line":247,"column":null}},"111":{"start":{"line":234,"column":20},"end":{"line":234,"column":null}},"112":{"start":{"line":235,"column":20},"end":{"line":245,"column":null}},"113":{"start":{"line":236,"column":8},"end":{"line":239,"column":null}},"114":{"start":{"line":237,"column":10},"end":{"line":237,"column":null}},"115":{"start":{"line":238,"column":10},"end":{"line":238,"column":null}},"116":{"start":{"line":240,"column":8},"end":{"line":243,"column":null}},"117":{"start":{"line":241,"column":10},"end":{"line":241,"column":null}},"118":{"start":{"line":242,"column":10},"end":{"line":242,"column":null}},"119":{"start":{"line":244,"column":8},"end":{"line":244,"column":null}},"120":{"start":{"line":246,"column":6},"end":{"line":246,"column":null}},"121":{"start":{"line":251,"column":4},"end":{"line":251,"column":null}},"122":{"start":{"line":252,"column":4},"end":{"line":252,"column":null}}},"fnMap":{"0":{"name":"(anonymous_0)","decl":{"start":{"line":18,"column":2},"end":{"line":18,"column":null}},"loc":{"start":{"line":22,"column":4},"end":{"line":36,"column":null}},"line":22},"1":{"name":"(anonymous_1)","decl":{"start":{"line":38,"column":2},"end":{"line":38,"column":15}},"loc":{"start":{"line":38,"column":49},"end":{"line":47,"column":null}},"line":38},"2":{"name":"(anonymous_2)","decl":{"start":{"line":49,"column":8},"end":{"line":49,"column":31}},"loc":{"start":{"line":49,"column":31},"end":{"line":115,"column":null}},"line":49},"3":{"name":"(anonymous_3)","decl":{"start":{"line":83,"column":36},"end":{"line":83,"column":37}},"loc":{"start":{"line":83,"column":54},"end":{"line":92,"column":5}},"line":83},"4":{"name":"(anonymous_4)","decl":{"start":{"line":94,"column":36},"end":{"line":94,"column":37}},"loc":{"start":{"line":94,"column":54},"end":{"line":96,"column":5}},"line":94},"5":{"name":"(anonymous_5)","decl":{"start":{"line":98,"column":28},"end":{"line":98,"col
[...]
line":112,"column":null}},"51":{"start":{"line":115,"column":6},"end":{"line":118,"column":null}},"52":{"start":{"line":116,"column":8},"end":{"line":116,"column":null}},"53":{"start":{"line":117,"column":8},"end":{"line":117,"column":null}},"54":{"start":{"line":128,"column":4},"end":{"line":158,"column":null}},"55":{"start":{"line":129,"column":19},"end":{"line":129,"column":null}},"56":{"start":{"line":130,"column":18},"end":{"line":150,"column":null}},"57":{"start":{"line":143,"column":21},"end":{"line":143,"column":null}},"58":{"start":{"line":144,"column":10},"end":{"line":144,"column":null}},"59":{"start":{"line":144,"column":45},"end":{"line":144,"column":59}},"60":{"start":{"line":145,"column":10},"end":{"line":148,"column":null}},"61":{"start":{"line":146,"column":12},"end":{"line":147,"column":null}},"62":{"start":{"line":146,"column":40},"end":{"line":146,"column":null}},"63":{"start":{"line":147,"column":17},"end":{"line":147,"column":null}},"64":{"start":{"line":151,"column":6},"end":{"line":151,"column":null}},"65":{"start":{"line":152,"column":6},"end":{"line":155,"column":null}},"66":{"start":{"line":153,"column":8},"end":{"line":153,"column":null}},"67":{"start":{"line":154,"column":8},"end":{"line":154,"column":null}},"68":{"start":{"line":156,"column":6},"end":{"line":156,"column":null}},"69":{"start":{"line":157,"column":6},"end":{"line":157,"column":null}},"70":{"start":{"line":166,"column":23},"end":{"line":166,"column":null}},"71":{"start":{"line":167,"column":26},"end":{"line":167,"column":null}},"72":{"start":{"line":170,"column":21},"end":{"line":170,"column":null}},"73":{"start":{"line":171,"column":4},"end":{"line":181,"column":null}},"74":{"start":{"line":172,"column":22},"end":{"line":172,"column":null}},"75":{"start":{"line":173,"column":24},"end":{"line":173,"column":null}},"76":{"start":{"line":174,"column":6},"end":{"line":179,"column":null}},"77":{"start":{"line":175,"column":8},"end":{"line":175,"column":null}},"78":{"start":{"line":176,"column":24},"end":{"line":176,"column":null}},"79":{"start":{"line":177,"column":24},"end":{"line":177,"column":null}},"80":{"start":{"line":178,"column":8},"end":{"line":178,"column":null}},"81":{"start":{"line":180,"column":6},"end":{"line":180,"column":null}},"82":{"start":{"line":182,"column":4},"end":{"line":182,"column":null}},"83":{"start":{"line":186,"column":4},"end":{"line":192,"column":null}},"84":{"start":{"line":187,"column":22},"end":{"line":187,"column":null}},"85":{"start":{"line":188,"column":6},"end":{"line":190,"column":null}},"86":{"start":{"line":188,"column":19},"end":{"line":188,"column":22}},"87":{"start":{"line":189,"column":8},"end":{"line":189,"column":null}},"88":{"start":{"line":191,"column":6},"end":{"line":191,"column":null}},"89":{"start":{"line":193,"column":4},"end":{"line":195,"column":null}},"90":{"start":{"line":194,"column":6},"end":{"line":194,"column":null}},"91":{"start":{"line":196,"column":4},"end":{"line":196,"column":null}}},"fnMap":{"0":{"name":"(anonymous_0)","decl":{"start":{"line":23,"column":2},"end":{"line":23,"column":null}},"loc":{"start":{"line":30,"column":4},"end":{"line":30,"column":null}},"line":30},"1":{"name":"(anonymous_1)","decl":{"start":{"line":32,"column":8},"end":{"line":32,"column":36}},"loc":{"start":{"line":32,"column":36},"end":{"line":35,"column":null}},"line":32},"2":{"name":"(anonymous_2)","decl":{"start":{"line":37,"column":9},"end":{"line":37,"column":null}},"loc":{"start":{"line":40,"column":31},"end":{"line":61,"column":null}},"line":40},"3":{"name":"(anonymous_3)","decl":{"start":{"line":58,"column":27},"end":{"line":58,"column":33}},"loc":{"start":{"line":58,"column":33},"end":{"line":58,"column":35}},"line":58},"4":{"name":"(anonymous_4)","decl":{"start":{"line":63,"column":2},"end":{"line":63,"column":18}},"loc":{"start":{"line":63,"column":18},"end":{"line":69,"column":null}},"line":63},"5":{"name":"(anonymous_5)","decl":{"start":{"line":73,"column":16},"end":{"line":73,"column":48}},"loc":{"start":{"line":73,"column":48},"end":{"line":75,"column":null}},"line":73},"6":{"name":"(anonymous_6)","decl":{"start":{"line":79,"column":10},"end":{"line":79,"column":22}},"loc":{"start":{"line":79,"column":57},"end":{"line":120,"column":null}},"line":79},"7":{"name":"(anonymous_7)","decl":{"start":{"line":80,"column":23},"end":{"line":80,"column":24}},"loc":{"start":{"line":80,"column":44},"end":{"line":119,"column":5}},"line":80},"8":{"name":"(anonymous_8)","decl":{"start":{"line":97,"column":33},"end":{"line":97,"column":39}},"loc":{"start":{"line":97,"column":39},"end":{"line":99,"column":9}},"line":97},"9":{"name":"(anonymous_9)","decl":{"start":{"line":101,"column":38},"end":{"line":101,"column":39}},"loc":{"start":{"line":101,"column":56},"end":{"line":107,"column":7}},"line":101},"10":{"name":"(anonymous_10)","decl":{"start":{"line":109,"column":30},"end":{"line":109,"column":36}},"loc":{"start":{"line":109,"column":36},"end":{"line":113,"column":7}},"line":109},"11":{"name":"(anonymous_11)","decl":{"start":{"line":115,"column":31},"end":{"line":115,"column":32}},"loc":{"start":{"line":115,"column":40},"end":{"line":118,"column":7}},"line":115},"12":{"name":"(anonymous_12)","decl":{"start":{"line":124,"column":10},"end":{"line":124,"column":null}},"loc":{"start":{"line":127,"column":19},"end":{"line":159,"column":null}},"line":127},"13":{"name":"(anonymous_13)","decl":{"start":{"line":128,"column":23},"end":{"line":128,"column":24}},"loc":{"start":{"line":128,"column":44},"end":{"line":158,"column":5}},"line":128},"14":{"name":"(anonymous_14)","decl":{"start":{"line":142,"column":8},"end":{"line":142,"column":9}},"loc":{"start":{"line":142,"column":17},"end":{"line":149,"column":null}},"line":142},"15":{"name":"(anonymous_15)","decl":{"start":{"line":144,"column":25},"end":{"line":144,"column":26}},"loc":{"start":{"line":144,"column":45},"end":{"line":144,"column":59}},"line":144},"16":{"name":"(anonymous_16)","decl":{"start":{"line":145,"column":24},"end":{"line":145,"column":30}},"loc":{"start":{"line":145,"column":30},"end":{"line":148,"column":11}},"line":145},"17":{"name":"(anonymous_17)","decl":{"start":{"line":152,"column":24},"end":{"line":152,"column":30}},"loc":{"start":{"line":152,"column":30},"end":{"line":155,"column":7}},"line":152},"18":{"name":"(anonymous_18)","decl":{"start":{"line":163,"column":10},"end":{"line":163,"column":19}},"loc":{"start":{"line":163,"column":47},"end":{"line":183,"column":null}},"line":163},"19":{"name":"(anonymous_19)","decl":{"start":{"line":185,"column":10},"end":{"line":185,"column":23}},"loc":{"start":{"line":185,"column":73},"end":{"line":197,"column":null}},"line":185}},"branchMap":{"0":{"loc":{"start":{"line":26,"column":21},"end":{"line":26,"column":null}},"type":"default-arg","locations":[{"start":{"line":26,"column":36},"end":{"line":26,"column":null}}],"line":26},"1":{"loc":{"start":{"line":27,"column":21},"end":{"line":27,"column":null}},"type":"default-arg","locations":[{"start":{"line":27,"column":44},"end":{"line":27,"column":null}}],"line":27},"2":{"loc":{"start":{"line":28,"column":21},"end":{"line":28,"column":null}},"type":"default-arg","locations":[{"start":{"line":28,"column":39},"end":{"line":28,"column":null}}],"line":28},"3":{"loc":{"start":{"line":29,"column":21},"end":{"line":29,"column":null}},"type":"default-arg","locations":[{"start":{"line":29,"column":44},"end":{"line":29,"column":null}}],"line":29},"4":{"loc":{"start":{"line":41,"column":4},"end":{"line":43,"column":null}},"type":"if","locations":[{"start":{"line":41,"column":4},"end":{"line":43,"column":null}},{"start":{},"end":{}}],"line":41},"5":{"loc":{"start":{"line":47,"column":6},"end":{"line":47,"column":null}},"type":"if","locations":[{"start":{"line":47,"column":6},"end":{"line":47,"column":null}},{"start":{},"end":{}}],"line":47},"6":{"loc":{"start":{"line":52,"column":8},"end":{"line":52,"column":null}},"type":"if","locations":[{"start":{"line":52,"column":8},"end":{"line":52,"column":null}},{"start":{},"end":{}}],"line":52},"7":{"loc":{"start":{"line":64,"column":4},"end":{"line":67,"column":null}},"type":"if","locations":[{"start":{"line":64,"column":4},"end":{"line":67,"column":null}},{"start":{},"end":{}}],"line":64},"8":{"loc":{"start":{"line":82,"column":6},"end":{"line":84,"column":null}},"type":"if","locations":[{"start":{"line":82,"column":6},"end":{"line":84,"column":null}},{"start":{},"end":{}}],"line":82},"9":{"loc":{"start":{"line":85,"column":6},"end":{"line":87,"column":null}},"type":"if","locations":[{"start":{"line":85,"column":6},"end":{"line":87,"column":null}},{"start":{},"end":{}}],"line":85},"10":{"loc":{"start":{"line":88,"column":6},"end":{"line":90,"column":null}},"type":"if","locations":[{"start":{"line":88,"column":6},"end":{"line":90,"column":null}},{"start":{},"end":{}}],"line":88},"11":{"loc":{"start":{"line":102,"column":8},"end":{"line":106,"column":null}},"type":"if","locations":[{"start":{"line":102,"column":8},"end":{"line":106,"column":null}},{"start":{},"end":{}}],"line":102},"12":{"loc":{"start":{"line":146,"column":12},"end":{"line":147,"column":null}},"type":"if","locations":[{"start":{"line":146,"column":12},"end":{"line":147,"column":null}},{"start":{"line":147,"column":17},"end":{"line":147,"column":null}}],"line":146},"13":{"loc":{"start":{"line":174,"column":6},"end":{"line":179,"column":null}},"type":"if","locations":[{"start":{"line":174,"column":6},"end":{"line":179,"column":null}},{"start":{},"end":{}}],"line":174},"14":{"loc":{"start":{"line":186,"column":4},"end":{"line":192,"column":null}},"type":"if","locations":[{"start":{"line":186,"column":4},"end":{"line":192,"column":null}},{"start":{},"end":{}}],"line":186},"15":{"loc":{"start":{"line":193,"column":4},"end":{"line":195,"column":null}},"type":"if","locations":[{"start":{"line":193,"column":4},"end":{"line":195,"column":null}},{"start":{},"end":{}}],"line":193}},"s":{"0":0,"1":0,"2":0,"3":0,"4":0,"5":0,"6":0,"7":0,"8":0,"9":0,"10":0,"11":0,"12":0,"13":0,"14":0,"15":0,"16":0,"17":0,"18":0,"19":0,"20":0,"21":0,"22":0,"23":0,"24":0,"25":0,"26":0,"27":0,"28":0,"29":0,"30":0,"31":0,"32":0,"33":0,"34":0,"35":0,"36":0,"37":0,"38":0,"39":0,"40":0,"41":0,"42":0,"43":0,"44":0,"45":0,"46":0,"47":0,"48":0,"49":0,"50":0,"51":0,"52":0,"53":0,"54":0,"55":0,"56":0,"57":0,"58":0,"59":0,"60":0,"61":0,"62":0,"63":0,"64":0,"65":0,"66":0,"67":0,"68":0,"69":0,"70":0,"71":0,"72":0,"73":0,"74":0,"75":0,"76":0,"77":0,"78":0,"79":0,"80":0,"81":0,"82":0,"83":0,"84":0,"85":0,"86":0,"87":0,"88":0,"89":0,"90":0,"91":0},"f":{"0":0,"1":0,"2":0,"3":0,"4":0,"5":0,"6":0,"7":0,"8":0,"9":0,"10":0,"11":0,"12":0,"13":0,"14":0,"15":0,"16":0,"17":0,"18":0,"19":0},"b":{"0":[0],"1":[0],"2":[0],"3":[0],"4":[0,0],"5":[0,0],"6":[0,0],"7":[0,0],"8":[0,0],"9":[0,0],"10":[0,0],"11":[0,0],"12":[0,0],"13":[0,0],"14":[0,0],"15":[0,0]},"meta":{"lastBranch":16,"lastFunction":20,"lastStatement":92,"seen":{"s:18:18:18:Infinity":0,"s:20:41:20:Infinity":1,"s:21:18:21:Infinity":2,"f:23:2:23:Infinity":0,"b:26:36:26:Infinity":0,"b:27:44:27:Infinity":1,"b:28:39:28:Infinity":2,"b:29:44:29:Infinity":3,"s:24:21:24:Infinity":3,"s:25:21:25:Infinity":4,"s:26:21:26:36":5,"s:27:21:27:44":6,"s:28:21:28:39":7,"s:29:21:29:44":8,"f:32:8:32:36":1,"s:33:23:33:Infinity":9,"s:34:4:34:Infinity":10,"f:37:9:37:Infinity":2,"b:41:4:43:Infinity:undefined:undefined:undefined:undefined":4,"s:41:4:43:Infinity":11,"s:42:6:42:Infinity":12,"s:45:10:45:Infinity":13,"s:46:4:60:Infinity":14,"b:47:6:47:Infinity:undefined:undefined:undefined:undefined":5,"s:47:6:47:Infinity":15,"s:47:26:47:Infinity":16,"s:49:22:49:Infinity":17,"s:50:6:59:Infinity":18,"s:51:8:51:Infinity":19,"b:52:8:52:Infinity:undefined:undefined:undefined:undefined":6,"s:52:8:52:Infinity":20,"s:52:28:52:Infinity":21,"s:54:26:54:Infinity":22,"s:55:26:55:Infinity":23,"s:56:8:56:Infinity":24,"s:58:8:58:Infinity":25,"f:58:27:58:33":3,"f:63:2:63:18":4,"b:64:4:67:Infinity:undefined:undefined:undefined:undefined":7,"s:64:4:67:Infinity":26,"s:65:6:65:Infinity":27,"s:66:6:66:Infinity":28,"s:68:4:68:Infinity":29,"f:73:16:73:48":5,"s:74:4:74:Infinity":30,"f:79:10:79:22":6,"s:80:4:119:Infinity":31,"f:80:23:80:24":7,"s:81:19:81:Infinity":32,"b:82:6:84:Infinity:undefined:undefined:undefined:undefined":8,"s:82:6:84:Infinity":33,"s:83:8:83:Infinity":34,"b:85:6:87:Infinity:undefined:undefined:undefined:undefined":9,"s:85:6:87:Infinity":35,"s:86:8:86:Infinity":36,"b:88:6:90:Infinity:undefined:undefined:undefined:undefined":10,"s:88:6:90:Infinity":37,"s:89:8:89:Infinity":38,"s:92:6:95:Infinity":39,"s:97:22:99:Infinity":40,"f:97:33:97:39":8,"s:98:8:98:Infinity":41,"s:101:6:107:Infinity":42,"f:101:38:101:39":9,"b:102:8:106:Infinity:undefined:undefined:undefined:undefined":11,"s:102:8:106:Infinity":43,"s:103:10:103:Infinity":44,"s:104:10:104:Infinity":45,"s:105:10:105:Infinity":46,"s:109:6:113:Infinity":47,"f:109:30:109:36":10,"s:110:8:110:Infinity":48,"s:111:8:111:Infinity":49,"s:112:8:112:Infinity":50,"s:115:6:118:Infinity":51,"f:115:31:115:32":11,"s:116:8:116:Infinity":52,"s:117:8:117:Infinity":53,"f:124:10:124:Infinity":12,"s:128:4:158:Infinity":54,"f:128:23:128:24":13,"s:129:19:129:Infinity":55,"s:130:18:150:Infinity":56,"f:142:8:142:9":14,"s:143:21:143:Infinity":57,"s:144:10:144:Infinity":58,"f:144:25:144:26":15,"s:144:45:144:59":59,"s:145:10:148:Infinity":60,"f:145:24:145:30":16,"b:146:12:147:Infinity:147:17:147:Infinity":12,"s:146:12:147:Infinity":61,"s:146:40:146:Infinity":62,"s:147:17:147:Infinity":63,"s:151:6:151:Infinity":64,"s:152:6:155:Infinity":65,"f:152:24:152:30":17,"s:153:8:153:Infinity":66,"s:154:8:154:Infinity":67,"s:156:6:156:Infinity":68,"s:157:6:157:Infinity":69,"f:163:10:163:19":18,"s:166:23:166:Infinity":70,"s:167:26:167:Infinity":71,"s:170:21:170:Infinity":72,"s:171:4:181:Infinity":73,"s:172:22:172:Infinity":74,"s:173:24:173:Infinity":75,"b:174:6:179:Infinity:undefined:undefined:undefined:undefined":13,"s:174:6:179:Infinity":76,"s:175:8:175:Infinity":77,"s:176:24:176:Infinity":78,"s:177:24:177:Infinity":79,"s:178:8:178:Infinity":80,"s:180:6:180:Infinity":81,"s:182:4:182:Infinity":82,"f:185:10:185:23":19,"b:186:4:192:Infinity:undefined:undefined:undefined:undefined":14,"s:186:4:192:Infinity":83,"s:187:22:187:Infinity":84,"s:188:6:190:Infinity":85,"s:188:19:188:22":86,"s:189:8:189:Infinity":87,"s:191:6:191:Infinity":88,"b:193:4:195:Infinity:undefined:undefined:undefined:undefined":15,"s:193:4:195:Infinity":89,"s:194:6:194:Infinity":90,"s:196:4:196:Infinity":91}}}
,"/Users/marten/Code/vscode-extensions/vscode-f5-speech/src/backends/index.ts": {"path":"/Users/marten/Code/vscode-extensions/vscode-f5-speech/src/backends/index.ts","statementMap":{},"fnMap":{},"branchMap":{},"s":{},"f":{},"b":{},"meta":{"lastBranch":0,"lastFunction":0,"lastStatement":0,"seen":{}}}
,"/Users/marten/Code/vscode-extensions/vscode-f5-speech/src/backends/kokoro.ts": {"path":"/Users/marten/Code/vscode-extensions/vscode-f5-speech/src/backends/kokoro.ts","statementMap":{"0":{"start":{"line":13,"column":18},"end":{"line":13,"column":null}},"1":{"start":{"line":14,"column":21},"end":{"line":14,"column":null}},"2":{"start":{"line":17,"column":21},"end":{"line":17,"column":37}},"3":{"start":{"line":18,"column":21},"end":{"line":18,"column":37}},"4":{"start":{"line":19,"column":21},"end":{"line":19,"column":45}},"5":{"start":{"line":24,"column":4},"end":{"line":24,"column":null}},"6":{"start":{"line":27,"column":26},"end":{"line":27,"column":null}},"7":{"start":{"line":28,"column":4},"end":{"line":34,"column":null}},"8":{"start":{"line":41,"column":4},"end":{"line":43,"column":null}},"9":{"start":{"line":42,"column":6},"end":{"line":42,"column":null}},"10":{"start":{"line":45,"column":10},"end":{"line":45,"column":null}},"11":{"start":{"line":46,"column":4},"end":{"line":61,"column":null}},"12":{"start":{"line":47,"column":6},"end":{"line":47,"column":null}},"13":{"start":{"line":47,"column":26},"end":{"line":47,"column":null}},"14":{"start":{"line":49,"column":21},"end":{"line":49,"column":null}},"15":{"start":{"line":51,"column":6},"end":{"line":51,"column":null}},"16":{"start":{"line":51,"column":26},"end":{"line":51,"column":null}},"17":{"start":{"line":56,"column":8},"end":{"line":58,"column":null}},"18":{"start":{"line":60,"column":6},"end":{"line":60,"column":null}},"19":{"start":{"line":65,"column":4},"end":{"line":65,"column":null}}},"fnMap":{"0":{"name":"(anonymous_0)","decl":{"start":{"line":16,"column":2},"end":{"line":16,"column":null}},"loc":{"start":{"line":20,"column":4},"end":{"line":20,"column":null}},"line":20},"1":{"name":"(anonymous_1)","decl":{"start":{"line":22,"column":8},"end":{"line":22,"column":36}},"loc":{"start":{"line":22,"column":36},"end":{"line":35,"column":null}},"line":22},"2":{"name":"(anonymous_2)","decl":{"start":{"line":37,"column":9},"end":{"line":37,"column":null}},"loc":{"start":{"line":40,"column":31},"end":{"line":62,"column":null}},"line":40},"3":{"name":"(anonymous_3)","decl":{"start":{"line":64,"column":2},"end":{"line":64,"column":18}},"loc":{"start":{"line":64,"column":18},"end":{"line":66,"column":null}},"line":64}},"branchMap":{"0":{"loc":{"start":{"line":17,"column":21},"end":{"line":17,"column":null}},"type":"default-arg","locations":[{"start":{"line":17,"column":37},"end":{"line":17,"column":null}}],"line":17},"1":{"loc":{"start":{"line":18,"column":21},"end":{"line":18,"column":null}},"type":"default-arg","locations":[{"start":{"line":18,"column":37},"end":{"line":18,"column":null}}],"line":18},"2":{"loc":{"start":{"line":19,"column":21},"end":{"line":19,"column":null}},"type":"default-arg","locations":[{"start":{"line":19,"column":45},"end":{"line":19,"column":null}}],"line":19},"3":{"loc":{"start":{"line":41,"column":4},"end":{"line":43,"column":null}},"type":"if","locations":[{"start":{"line":41,"column":4},"end":{"line":43,"column":null}},{"start":{},"end":{}}],"line":41},"4":{"loc":{"start":{"line":47,"column":6},"end":{"line":47,"column":null}},"type":"if","locations":[{"start":{"line":47,"column":6},"end":{"line":47,"column":null}},{"start":{},"end":{}}],"line":47},"5":{"loc":{"start":{"line":51,"column":6},"end":{"line":51,"column":null}},"type":"if","locations":[{"start":{"line":51,"column":6},"end":{"line":51,"column":null}},{"start":{},"end":{}}],"line":51},"6":{"loc":{"start":{"line":56,"column":8},"end":{"line":58,"column":null}},"type":"cond-expr","locations":[{"start":{"line":57,"column":12},"end":{"line":57,"column":null}},{"start":{"line":58,"column":12},"end":{"line":58,"column":null}}],"line":56},"7":{"loc":{"start":{"line":60,"column":35},"end":{"line":60,"column":65}},"type":"binary-expr","locations":[{"start":{"line":60,"column":35},"end":{"line":60,"column":59}},{"start":{"line":60,"column":59},"end":{"line":60,"column":65}}],"line":60}},"s":{"0":0,"1":0,"2":0,"3":0,"4":0,"5":0,"6":0,"7":0,"8":0,"9":0,"10":0,"11":0,"12":0,"13":0,"14":0,"15":0,"16":0,"17":0,"18":0,"19":0},"f":{"0":0,"1":0,"2":0,"3":0},"b":{"0":[0],"1":[0],"2":[0],"3":[0,0],"4":[0,0],"5":[0,0],"6":[0,0],"7":[0,0]},"meta":{"lastBranch":8,"lastFunction":4,"lastStatement":20,"seen":{"s:13:18:13:Infinity":0,"s:14:21:14:Infinity":1,"f:16:2:16:Infinity":0,"b:17:37:17:Infinity":0,"b:18:37:18:Infinity":1,"b:19:45:19:Infinity":2,"s:17:21:17:37":2,"s:18:21:18:37":3,"s:19:21:19:45":4,"f:22:8:22:36":1,"s:24:4:24:Infinity":5,"s:27:26:27:Infinity":6,"s:28:4:34:Infinity":7,"f:37:9:37:Infinity":2,"b:41:4:43:Infinity:undefined:undefined:undefined:undefined":3,"s:41:4:43:Infinity":8,"s:42:6:42:Infinity":9,"s:45:10:45:Infinity":10,"s:46:4:61:Infinity":11,"b:47:6:47:Infinity:undefined:undefined:undefined:undefined":4,"s:47:6:47:Infinity":12,"s:47:26:47:Infinity":13,"s:49:21:49:Infinity":14,"b:51:6:51:Infinity:undefined:undefined:undefined:undefined":5,"s:51:6:51:Infinity":15,"s:51:26:51:Infinity":16,"s:56:8:58:Infinity":17,"b:57:12:57:Infinity:58:12:58:Infinity":6,"s:60:6:60:Infinity":18,"b:60:35:60:59:60:59:60:65":7,"f:64:2:64:18":3,"s:65:4:65:Infinity":19}}}
}
